2025-09-28 15:27:49,792	[INFO]	(client.py:162)_bot_login	[botpy] 登录机器人账号中...
2025-09-28 15:27:49,983	[INFO]	(robot.py:65)update_access_token	[botpy] access_token expires_in 587
2025-09-28 15:27:50,545	[INFO]	(client.py:181)_bot_init	[botpy] 程序启动...
2025-09-28 15:27:50,546	[INFO]	(connection.py:60)multi_run	[botpy] 最大并发连接数: 1, 启动会话数: 1
2025-09-28 15:27:50,546	[INFO]	(client.py:242)bot_connect	[botpy] 会话启动中...
2025-09-28 15:27:50,546	[INFO]	(gateway.py:115)ws_connect	[botpy] 启动中...
2025-09-28 15:27:50,672	[INFO]	(gateway.py:142)ws_identify	[botpy] 鉴权中...
2025-09-28 15:27:50,780	[INFO]	(gateway.py:85)on_message	[botpy] 机器人「WickedWonders-测试中」启动成功！
2025-09-28 15:27:50,780	[INFO]	(gateway.py:223)_send_heart	[botpy] 心跳维持启动...
2025-09-28 15:27:50,781	[INFO]	(main.py:25)on_ready	robot 「WickedWonders-测试中」 is ready!
2025-09-28 15:37:40,967	[INFO]	(client.py:162)_bot_login	[botpy] 登录机器人账号中...
2025-09-28 15:37:42,247	[INFO]	(robot.py:65)update_access_token	[botpy] access_token expires_in 7200
2025-09-28 15:37:42,752	[INFO]	(client.py:181)_bot_init	[botpy] 程序启动...
2025-09-28 15:37:42,752	[INFO]	(connection.py:60)multi_run	[botpy] 最大并发连接数: 1, 启动会话数: 1
2025-09-28 15:37:42,752	[INFO]	(client.py:242)bot_connect	[botpy] 会话启动中...
2025-09-28 15:37:42,752	[INFO]	(gateway.py:115)ws_connect	[botpy] 启动中...
2025-09-28 15:37:42,873	[INFO]	(gateway.py:142)ws_identify	[botpy] 鉴权中...
2025-09-28 15:37:42,982	[INFO]	(gateway.py:85)on_message	[botpy] 机器人「WickedWonders-测试中」启动成功！
2025-09-28 15:37:42,982	[INFO]	(gateway.py:223)_send_heart	[botpy] 心跳维持启动...
2025-09-28 15:37:42,982	[INFO]	(main.py:18)on_ready	robot "WickedWonders-测试中" is ready!
2025-09-28 15:41:55,908	[INFO]	(client.py:162)_bot_login	[botpy] 登录机器人账号中...
2025-09-28 15:41:56,063	[INFO]	(robot.py:65)update_access_token	[botpy] access_token expires_in 6946
2025-09-28 15:41:56,713	[INFO]	(client.py:181)_bot_init	[botpy] 程序启动...
2025-09-28 15:41:56,716	[INFO]	(connection.py:60)multi_run	[botpy] 最大并发连接数: 1, 启动会话数: 1
2025-09-28 15:41:56,716	[INFO]	(client.py:242)bot_connect	[botpy] 会话启动中...
2025-09-28 15:41:56,717	[INFO]	(gateway.py:115)ws_connect	[botpy] 启动中...
2025-09-28 15:41:56,828	[INFO]	(gateway.py:142)ws_identify	[botpy] 鉴权中...
2025-09-28 15:41:56,943	[INFO]	(gateway.py:85)on_message	[botpy] 机器人「WickedWonders-测试中」启动成功！
2025-09-28 15:41:56,943	[INFO]	(gateway.py:223)_send_heart	[botpy] 心跳维持启动...
2025-09-28 15:41:56,944	[INFO]	(main.py:18)on_ready	robot "WickedWonders-测试中" is ready!
2025-09-28 15:58:03,385	[INFO]	(client.py:162)_bot_login	[botpy] 登录机器人账号中...
2025-09-28 15:58:03,707	[INFO]	(robot.py:65)update_access_token	[botpy] access_token expires_in 5979
2025-09-28 15:58:04,269	[INFO]	(client.py:181)_bot_init	[botpy] 程序启动...
2025-09-28 15:58:04,270	[INFO]	(connection.py:60)multi_run	[botpy] 最大并发连接数: 1, 启动会话数: 1
2025-09-28 15:58:04,270	[INFO]	(client.py:242)bot_connect	[botpy] 会话启动中...
2025-09-28 15:58:04,270	[INFO]	(gateway.py:115)ws_connect	[botpy] 启动中...
2025-09-28 15:58:04,384	[INFO]	(gateway.py:142)ws_identify	[botpy] 鉴权中...
2025-09-28 15:58:04,513	[INFO]	(gateway.py:85)on_message	[botpy] 机器人「WickedWonders-测试中」启动成功！
2025-09-28 15:58:04,513	[INFO]	(gateway.py:223)_send_heart	[botpy] 心跳维持启动...
2025-09-28 15:58:04,514	[INFO]	(find_main.py:129)on_ready	robot "WickedWonders-测试中" is ready!
2025-09-28 16:09:03,650	[INFO]	(client.py:162)_bot_login	[botpy] 登录机器人账号中...
2025-09-28 16:09:03,887	[INFO]	(robot.py:65)update_access_token	[botpy] access_token expires_in 5318
2025-09-28 16:09:04,456	[INFO]	(client.py:181)_bot_init	[botpy] 程序启动...
2025-09-28 16:09:04,456	[INFO]	(connection.py:60)multi_run	[botpy] 最大并发连接数: 1, 启动会话数: 1
2025-09-28 16:09:04,457	[INFO]	(client.py:242)bot_connect	[botpy] 会话启动中...
2025-09-28 16:09:04,457	[INFO]	(gateway.py:115)ws_connect	[botpy] 启动中...
2025-09-28 16:09:04,577	[INFO]	(gateway.py:142)ws_identify	[botpy] 鉴权中...
2025-09-28 16:09:04,691	[INFO]	(gateway.py:85)on_message	[botpy] 机器人「WickedWonders-测试中」启动成功！
2025-09-28 16:09:04,691	[INFO]	(gateway.py:223)_send_heart	[botpy] 心跳维持启动...
2025-09-28 16:09:04,692	[INFO]	(find_main.py:146)on_ready	robot "WickedWonders-测试中" is ready!
2025-09-28 16:31:52,948	[INFO]	(client.py:162)_bot_login	[botpy] 登录机器人账号中...
2025-09-28 16:31:53,421	[INFO]	(robot.py:65)update_access_token	[botpy] access_token expires_in 3949
2025-09-28 16:31:55,035	[INFO]	(client.py:181)_bot_init	[botpy] 程序启动...
2025-09-28 16:31:55,035	[INFO]	(connection.py:60)multi_run	[botpy] 最大并发连接数: 1, 启动会话数: 1
2025-09-28 16:31:55,036	[INFO]	(client.py:242)bot_connect	[botpy] 会话启动中...
2025-09-28 16:31:55,036	[INFO]	(gateway.py:115)ws_connect	[botpy] 启动中...
2025-09-28 16:31:55,142	[INFO]	(gateway.py:142)ws_identify	[botpy] 鉴权中...
2025-09-28 16:31:55,253	[INFO]	(gateway.py:85)on_message	[botpy] 机器人「WickedWonders-测试中」启动成功！
2025-09-28 16:31:55,253	[INFO]	(gateway.py:223)_send_heart	[botpy] 心跳维持启动...
2025-09-28 16:31:55,254	[INFO]	(find_main.py:262)on_ready	robot "WickedWonders-测试中" is ready!
2025-09-28 16:32:11,475	[INFO]	(find_main.py:202)save_text_as_image	已保存文本图片: C:\Users\ADMIN\Documents\GitHub\FTLMVChatBot\outputs\find_20250928_163211_匹配事件_ROCK_SUN_CHALLENGE.png
2025-09-28 16:39:33,231	[INFO]	(find_main.py:202)save_text_as_image	已保存文本图片: C:\Users\ADMIN\Documents\GitHub\FTLMVChatBot\outputs\find_20250928_163933_匹配事件_QUEST_FREEMANTIS_MATE.png
