2025-07-13 15:25:04,500	[INFO]	(client.py:162)_bot_login	[botpy] 登录机器人账号中...
2025-07-13 15:25:05,489	[ERROR]	(robot.py:63)update_access_token	[botpy] 获取token失败，请检查appid和secret填写是否正确！
2025-07-13 15:26:36,328	[INFO]	(client.py:162)_bot_login	[botpy] 登录机器人账号中...
2025-07-13 15:26:36,552	[INFO]	(robot.py:65)update_access_token	[botpy] access_token expires_in 7200
2025-07-13 15:26:36,784	[ERROR]	(http.py:76)_handle_response	[botpy] 接口请求异常，请求连接: https://api.sgroup.qq.com/users/@me, 错误代码: 401, 返回内容: {'message': '接口访问源IP不在白名单', 'code': 11298, 'err_code': 40023002, 'trace_id': '5d73b5153276c757c09df953fdf48899'}, trace_id:5d73b5153276c757c09df953fdf48899
2025-07-13 15:28:58,092	[INFO]	(client.py:162)_bot_login	[botpy] 登录机器人账号中...
2025-07-13 15:28:58,344	[INFO]	(robot.py:65)update_access_token	[botpy] access_token expires_in 7058
2025-07-13 15:28:58,524	[ERROR]	(http.py:76)_handle_response	[botpy] 接口请求异常，请求连接: https://api.sgroup.qq.com/users/@me, 错误代码: 401, 返回内容: {'message': '接口访问源IP不在白名单', 'code': 11298, 'err_code': 40023002, 'trace_id': 'f3a7942c2566561daa6fd4750a319716'}, trace_id:f3a7942c2566561daa6fd4750a319716
2025-07-13 15:29:56,639	[INFO]	(client.py:162)_bot_login	[botpy] 登录机器人账号中...
2025-07-13 15:29:56,787	[INFO]	(robot.py:65)update_access_token	[botpy] access_token expires_in 7000
2025-07-13 15:29:57,170	[ERROR]	(http.py:76)_handle_response	[botpy] 接口请求异常，请求连接: https://api.sgroup.qq.com/users/@me, 错误代码: 401, 返回内容: {'message': '接口访问源IP不在白名单', 'code': 11298, 'err_code': 40023002, 'trace_id': '691c50ab13e117d38b5cfe20f53c130d'}, trace_id:691c50ab13e117d38b5cfe20f53c130d
2025-07-13 15:57:20,251	[INFO]	(client.py:162)_bot_login	[botpy] 登录机器人账号中...
2025-07-13 15:57:21,227	[INFO]	(robot.py:65)update_access_token	[botpy] access_token expires_in 5355
2025-07-13 15:57:21,728	[ERROR]	(http.py:76)_handle_response	[botpy] 接口请求异常，请求连接: https://api.sgroup.qq.com/gateway/bot, 错误代码: 401, 返回内容: {'message': '接口访问源IP不在白名单', 'code': 11298, 'err_code': 40023002, 'trace_id': '5e72bcf5e056d6627d94a26f82bf2289'}, trace_id:5e72bcf5e056d6627d94a26f82bf2289
2025-07-13 15:58:11,611	[INFO]	(client.py:162)_bot_login	[botpy] 登录机器人账号中...
2025-07-13 15:58:11,872	[INFO]	(robot.py:65)update_access_token	[botpy] access_token expires_in 5305
2025-07-13 15:58:12,763	[INFO]	(client.py:181)_bot_init	[botpy] 程序启动...
2025-07-13 15:58:12,763	[INFO]	(connection.py:60)multi_run	[botpy] 最大并发连接数: 1, 启动会话数: 1
2025-07-13 15:58:12,763	[INFO]	(client.py:242)bot_connect	[botpy] 会话启动中...
2025-07-13 15:58:12,764	[INFO]	(gateway.py:115)ws_connect	[botpy] 启动中...
2025-07-13 15:58:12,872	[INFO]	(gateway.py:142)ws_identify	[botpy] 鉴权中...
2025-07-13 15:58:12,972	[INFO]	(gateway.py:85)on_message	[botpy] 机器人「WickedWonders-测试中」启动成功！
2025-07-13 15:58:12,973	[INFO]	(gateway.py:223)_send_heart	[botpy] 心跳维持启动...
2025-07-13 16:25:44,868	[INFO]	(client.py:162)_bot_login	[botpy] 登录机器人账号中...
2025-07-13 16:25:46,100	[INFO]	(robot.py:65)update_access_token	[botpy] access_token expires_in 3650
2025-07-13 16:25:46,355	[ERROR]	(http.py:76)_handle_response	[botpy] 接口请求异常，请求连接: https://api.sgroup.qq.com/users/@me, 错误代码: 401, 返回内容: {'message': '接口访问源IP不在白名单', 'code': 11298, 'err_code': 40023002, 'trace_id': 'c407558230fcb5b412782a07c6f8aedd'}, trace_id:c407558230fcb5b412782a07c6f8aedd
2025-07-13 16:26:06,237	[INFO]	(client.py:162)_bot_login	[botpy] 登录机器人账号中...
2025-07-13 16:26:06,379	[INFO]	(robot.py:65)update_access_token	[botpy] access_token expires_in 3630
2025-07-13 16:26:06,940	[INFO]	(client.py:181)_bot_init	[botpy] 程序启动...
2025-07-13 16:26:06,940	[INFO]	(connection.py:60)multi_run	[botpy] 最大并发连接数: 1, 启动会话数: 1
2025-07-13 16:26:06,940	[INFO]	(client.py:242)bot_connect	[botpy] 会话启动中...
2025-07-13 16:26:06,940	[INFO]	(gateway.py:115)ws_connect	[botpy] 启动中...
2025-07-13 16:26:07,064	[INFO]	(gateway.py:142)ws_identify	[botpy] 鉴权中...
2025-07-13 16:26:07,172	[INFO]	(gateway.py:85)on_message	[botpy] 机器人「WickedWonders-测试中」启动成功！
2025-07-13 16:26:07,173	[INFO]	(gateway.py:223)_send_heart	[botpy] 心跳维持启动...
2025-07-13 16:26:07,173	[INFO]	(main.py:17)on_ready	robot 「WickedWonders-测试中」 on_ready!
2025-07-13 16:38:05,311	[INFO]	(client.py:162)_bot_login	[botpy] 登录机器人账号中...
2025-07-13 16:38:05,524	[INFO]	(robot.py:65)update_access_token	[botpy] access_token expires_in 2911
2025-07-13 16:38:06,006	[INFO]	(client.py:181)_bot_init	[botpy] 程序启动...
2025-07-13 16:38:06,006	[INFO]	(connection.py:60)multi_run	[botpy] 最大并发连接数: 1, 启动会话数: 1
2025-07-13 16:38:06,007	[INFO]	(client.py:242)bot_connect	[botpy] 会话启动中...
2025-07-13 16:38:06,007	[INFO]	(gateway.py:115)ws_connect	[botpy] 启动中...
2025-07-13 16:38:06,130	[INFO]	(gateway.py:142)ws_identify	[botpy] 鉴权中...
2025-07-13 16:38:06,244	[INFO]	(gateway.py:85)on_message	[botpy] 机器人「WickedWonders-测试中」启动成功！
2025-07-13 16:38:06,244	[INFO]	(gateway.py:223)_send_heart	[botpy] 心跳维持启动...
2025-07-13 16:38:06,244	[INFO]	(g.py:17)on_ready	robot 「WickedWonders-测试中」 on_ready!
2025-07-13 16:38:45,343	[INFO]	(g.py:25)on_group_at_message_create	{'id': 'ROBOT1.0_oya6ekysXYNocC9dguhOcLt4pBCXDD26G2ozh2d-00tI0iVR8Wv9Z5Rgfa8k3xzGu6PnnLaH5PneGjHLIKgRww!!', 'timestamp': '2025-07-13T16:38:44+08:00'}
2025-07-13 17:08:06,086	[INFO]	(gateway.py:56)on_closed	[botpy] 关闭, 返回码: 4009, 返回信息: Session timed out
2025-07-13 17:08:06,087	[INFO]	(gateway.py:134)ws_connect	[botpy] ws关闭, 停止接收消息!
2025-07-13 17:08:11,083	[INFO]	(connection.py:60)multi_run	[botpy] 最大并发连接数: 1, 启动会话数: 1
2025-07-13 17:08:11,084	[INFO]	(client.py:242)bot_connect	[botpy] 会话启动中...
2025-07-13 17:08:11,084	[INFO]	(gateway.py:115)ws_connect	[botpy] 启动中...
2025-07-13 17:08:12,316	[INFO]	(gateway.py:175)ws_resume	[botpy] 重连启动...
2025-07-13 17:08:12,407	[INFO]	(gateway.py:90)on_message	[botpy] 机器人重连成功! 
2025-07-13 17:08:12,407	[INFO]	(gateway.py:223)_send_heart	[botpy] 心跳维持启动...
2025-07-13 17:38:12,268	[INFO]	(gateway.py:56)on_closed	[botpy] 关闭, 返回码: 4009, 返回信息: Session timed out
2025-07-13 17:38:12,268	[INFO]	(gateway.py:134)ws_connect	[botpy] ws关闭, 停止接收消息!
2025-07-13 17:38:17,284	[INFO]	(connection.py:60)multi_run	[botpy] 最大并发连接数: 1, 启动会话数: 1
2025-07-13 17:38:17,285	[INFO]	(client.py:242)bot_connect	[botpy] 会话启动中...
2025-07-13 17:38:17,286	[INFO]	(gateway.py:115)ws_connect	[botpy] 启动中...
2025-07-13 17:38:17,474	[INFO]	(gateway.py:175)ws_resume	[botpy] 重连启动...
2025-07-13 17:38:18,551	[INFO]	(robot.py:65)update_access_token	[botpy] access_token expires_in 7200
2025-07-13 17:38:18,649	[INFO]	(gateway.py:90)on_message	[botpy] 机器人重连成功! 
2025-07-13 17:38:18,650	[INFO]	(gateway.py:223)_send_heart	[botpy] 心跳维持启动...
2025-07-13 17:41:07,156	[INFO]	(client.py:162)_bot_login	[botpy] 登录机器人账号中...
2025-07-13 17:41:07,366	[INFO]	(robot.py:65)update_access_token	[botpy] access_token expires_in 7031
2025-07-13 17:41:07,831	[INFO]	(client.py:181)_bot_init	[botpy] 程序启动...
2025-07-13 17:41:07,831	[INFO]	(connection.py:60)multi_run	[botpy] 最大并发连接数: 1, 启动会话数: 1
2025-07-13 17:41:07,831	[INFO]	(client.py:242)bot_connect	[botpy] 会话启动中...
2025-07-13 17:41:07,831	[INFO]	(gateway.py:115)ws_connect	[botpy] 启动中...
2025-07-13 17:41:07,957	[INFO]	(gateway.py:142)ws_identify	[botpy] 鉴权中...
2025-07-13 17:41:08,078	[INFO]	(gateway.py:85)on_message	[botpy] 机器人「WickedWonders-测试中」启动成功！
2025-07-13 17:41:08,078	[INFO]	(gateway.py:223)_send_heart	[botpy] 心跳维持启动...
2025-07-13 17:41:08,078	[INFO]	(main.py:18)on_ready	robot 「WickedWonders-测试中」 on_ready!
2025-07-13 17:42:10,752	[INFO]	(client.py:162)_bot_login	[botpy] 登录机器人账号中...
2025-07-13 17:42:10,895	[INFO]	(robot.py:65)update_access_token	[botpy] access_token expires_in 6968
2025-07-13 17:42:11,730	[INFO]	(client.py:181)_bot_init	[botpy] 程序启动...
2025-07-13 17:42:11,730	[INFO]	(connection.py:60)multi_run	[botpy] 最大并发连接数: 1, 启动会话数: 1
2025-07-13 17:42:11,731	[INFO]	(client.py:242)bot_connect	[botpy] 会话启动中...
2025-07-13 17:42:11,731	[INFO]	(gateway.py:115)ws_connect	[botpy] 启动中...
2025-07-13 17:42:11,850	[INFO]	(gateway.py:142)ws_identify	[botpy] 鉴权中...
2025-07-13 17:42:11,955	[INFO]	(gateway.py:85)on_message	[botpy] 机器人「WickedWonders-测试中」启动成功！
2025-07-13 17:42:11,955	[INFO]	(gateway.py:223)_send_heart	[botpy] 心跳维持启动...
2025-07-13 17:42:11,956	[INFO]	(main.py:16)on_ready	robot 「WickedWonders-测试中」 on_ready!
2025-07-13 17:42:42,382	[INFO]	(client.py:162)_bot_login	[botpy] 登录机器人账号中...
2025-07-13 17:42:42,523	[INFO]	(robot.py:65)update_access_token	[botpy] access_token expires_in 6936
2025-07-13 17:42:43,200	[INFO]	(client.py:181)_bot_init	[botpy] 程序启动...
2025-07-13 17:42:43,200	[INFO]	(connection.py:60)multi_run	[botpy] 最大并发连接数: 1, 启动会话数: 1
2025-07-13 17:42:43,200	[INFO]	(client.py:242)bot_connect	[botpy] 会话启动中...
2025-07-13 17:42:43,201	[INFO]	(gateway.py:115)ws_connect	[botpy] 启动中...
2025-07-13 17:42:43,313	[INFO]	(gateway.py:142)ws_identify	[botpy] 鉴权中...
2025-07-13 17:42:43,398	[INFO]	(gateway.py:85)on_message	[botpy] 机器人「WickedWonders-测试中」启动成功！
2025-07-13 17:42:43,398	[INFO]	(gateway.py:223)_send_heart	[botpy] 心跳维持启动...
2025-07-13 17:42:43,399	[INFO]	(main.py:15)on_ready	robot 「WickedWonders-测试中」 on_ready!
2025-07-13 17:43:09,143	[INFO]	(client.py:162)_bot_login	[botpy] 登录机器人账号中...
2025-07-13 17:43:09,312	[INFO]	(robot.py:65)update_access_token	[botpy] access_token expires_in 6909
2025-07-13 17:43:09,727	[INFO]	(client.py:181)_bot_init	[botpy] 程序启动...
2025-07-13 17:43:09,727	[INFO]	(connection.py:60)multi_run	[botpy] 最大并发连接数: 1, 启动会话数: 1
2025-07-13 17:43:09,728	[INFO]	(client.py:242)bot_connect	[botpy] 会话启动中...
2025-07-13 17:43:09,729	[INFO]	(gateway.py:115)ws_connect	[botpy] 启动中...
2025-07-13 17:43:09,842	[INFO]	(gateway.py:142)ws_identify	[botpy] 鉴权中...
2025-07-13 17:43:09,950	[INFO]	(gateway.py:85)on_message	[botpy] 机器人「WickedWonders-测试中」启动成功！
2025-07-13 17:43:09,950	[INFO]	(gateway.py:223)_send_heart	[botpy] 心跳维持启动...
2025-07-13 17:43:09,950	[INFO]	(main.py:16)on_ready	robot 「WickedWonders-测试中」 on_ready!
2025-07-13 17:44:13,888	[INFO]	(client.py:162)_bot_login	[botpy] 登录机器人账号中...
2025-07-13 17:44:14,140	[INFO]	(robot.py:65)update_access_token	[botpy] access_token expires_in 6844
2025-07-13 17:44:14,884	[INFO]	(client.py:181)_bot_init	[botpy] 程序启动...
2025-07-13 17:44:14,884	[INFO]	(connection.py:60)multi_run	[botpy] 最大并发连接数: 1, 启动会话数: 1
2025-07-13 17:44:14,884	[INFO]	(client.py:242)bot_connect	[botpy] 会话启动中...
2025-07-13 17:44:14,884	[INFO]	(gateway.py:115)ws_connect	[botpy] 启动中...
2025-07-13 17:44:14,989	[INFO]	(gateway.py:142)ws_identify	[botpy] 鉴权中...
2025-07-13 17:44:15,095	[INFO]	(gateway.py:85)on_message	[botpy] 机器人「WickedWonders-测试中」启动成功！
2025-07-13 17:44:15,096	[INFO]	(gateway.py:223)_send_heart	[botpy] 心跳维持启动...
2025-07-13 17:44:15,096	[INFO]	(main.py:15)on_ready	Bot 「WickedWonders-测试中」 is ready.
2025-07-13 17:44:41,348	[INFO]	(client.py:162)_bot_login	[botpy] 登录机器人账号中...
2025-07-13 17:44:41,497	[INFO]	(robot.py:65)update_access_token	[botpy] access_token expires_in 6817
2025-07-13 17:44:41,903	[INFO]	(client.py:181)_bot_init	[botpy] 程序启动...
2025-07-13 17:44:41,903	[INFO]	(connection.py:60)multi_run	[botpy] 最大并发连接数: 1, 启动会话数: 1
2025-07-13 17:44:41,903	[INFO]	(client.py:242)bot_connect	[botpy] 会话启动中...
2025-07-13 17:44:41,903	[INFO]	(gateway.py:115)ws_connect	[botpy] 启动中...
2025-07-13 17:44:42,089	[INFO]	(gateway.py:142)ws_identify	[botpy] 鉴权中...
2025-07-13 17:44:42,179	[INFO]	(gateway.py:85)on_message	[botpy] 机器人「WickedWonders-测试中」启动成功！
2025-07-13 17:44:42,179	[INFO]	(gateway.py:223)_send_heart	[botpy] 心跳维持启动...
2025-07-13 17:44:42,179	[INFO]	(main.py:16)on_ready	Bot 「WickedWonders-测试中」 is ready.
2025-07-13 17:49:00,229	[INFO]	(client.py:162)_bot_login	[botpy] 登录机器人账号中...
2025-07-13 17:49:00,542	[INFO]	(robot.py:65)update_access_token	[botpy] access_token expires_in 6558
2025-07-13 17:49:00,998	[ERROR]	(http.py:76)_handle_response	[botpy] 接口请求异常，请求连接: https://api.sgroup.qq.com/users/@me, 错误代码: 401, 返回内容: {'message': '接口访问源IP不在白名单', 'code': 11298, 'err_code': 40023002, 'trace_id': 'c88c6f8902f99ae9056afd31df34f6eb'}, trace_id:c88c6f8902f99ae9056afd31df34f6eb
2025-07-13 17:49:13,536	[INFO]	(client.py:162)_bot_login	[botpy] 登录机器人账号中...
2025-07-13 17:49:13,694	[INFO]	(robot.py:65)update_access_token	[botpy] access_token expires_in 6545
2025-07-13 17:49:14,406	[INFO]	(client.py:181)_bot_init	[botpy] 程序启动...
2025-07-13 17:49:14,406	[INFO]	(connection.py:60)multi_run	[botpy] 最大并发连接数: 1, 启动会话数: 1
2025-07-13 17:49:14,407	[INFO]	(client.py:242)bot_connect	[botpy] 会话启动中...
2025-07-13 17:49:14,407	[INFO]	(gateway.py:115)ws_connect	[botpy] 启动中...
2025-07-13 17:49:14,526	[INFO]	(gateway.py:142)ws_identify	[botpy] 鉴权中...
2025-07-13 17:49:14,679	[INFO]	(gateway.py:85)on_message	[botpy] 机器人「WickedWonders-测试中」启动成功！
2025-07-13 17:49:14,680	[INFO]	(gateway.py:223)_send_heart	[botpy] 心跳维持启动...
2025-07-13 17:49:14,681	[INFO]	(bmain.py:47)on_ready	robot 「WickedWonders-测试中」 on_ready!
2025-07-13 17:54:52,244	[INFO]	(client.py:162)_bot_login	[botpy] 登录机器人账号中...
2025-07-13 17:54:52,550	[INFO]	(robot.py:65)update_access_token	[botpy] access_token expires_in 6206
2025-07-13 17:54:53,328	[INFO]	(client.py:181)_bot_init	[botpy] 程序启动...
2025-07-13 17:54:53,329	[INFO]	(connection.py:60)multi_run	[botpy] 最大并发连接数: 1, 启动会话数: 1
2025-07-13 17:54:53,329	[INFO]	(client.py:242)bot_connect	[botpy] 会话启动中...
2025-07-13 17:54:53,329	[INFO]	(gateway.py:115)ws_connect	[botpy] 启动中...
2025-07-13 17:54:53,439	[INFO]	(gateway.py:142)ws_identify	[botpy] 鉴权中...
2025-07-13 17:54:53,556	[INFO]	(gateway.py:85)on_message	[botpy] 机器人「WickedWonders-测试中」启动成功！
2025-07-13 17:54:53,556	[INFO]	(gateway.py:223)_send_heart	[botpy] 心跳维持启动...
2025-07-13 17:54:53,557	[INFO]	(main2.py:17)on_ready	robot 「WickedWonders-测试中」 on_ready!
2025-07-13 17:55:00,522	[INFO]	(main2.py:25)on_group_at_message_create	{'id': 'ROBOT1.0_oya6ekysXYNocC9dguhOcCyFSK4CNDVrQNejMcvGcOn72-8eDQ5Lra7YqDLW7TKHshQDeOesrpB9.AQEcfWfpQ!!', 'timestamp': '2025-07-13T17:55:00+08:00'}
2025-07-13 17:55:29,314	[INFO]	(main2.py:25)on_group_at_message_create	{'id': 'ROBOT1.0_oya6ekysXYNocC9dguhOcJa6fpecVQCBHO30OZ3pzuUWxkdlRUGurdjf1cGYblGYIpAtRopnUmp-oKR5CZdiCg!!', 'timestamp': '2025-07-13T17:55:28+08:00'}
2025-07-13 17:55:36,220	[INFO]	(main2.py:25)on_group_at_message_create	{'id': 'ROBOT1.0_oya6ekysXYNocC9dguhOcIaJeIHiEQHxJcz4hRgflHrBYuuAhc1bqMGxokIhViqCzjHyBeR40WG1QCNQIVmBNg!!', 'timestamp': '2025-07-13T17:55:35+08:00'}
2025-07-13 18:03:13,235	[INFO]	(client.py:162)_bot_login	[botpy] 登录机器人账号中...
2025-07-13 18:03:13,496	[INFO]	(robot.py:65)update_access_token	[botpy] access_token expires_in 5705
2025-07-13 18:03:14,032	[INFO]	(client.py:181)_bot_init	[botpy] 程序启动...
2025-07-13 18:03:14,032	[INFO]	(connection.py:60)multi_run	[botpy] 最大并发连接数: 1, 启动会话数: 1
2025-07-13 18:03:14,033	[INFO]	(client.py:242)bot_connect	[botpy] 会话启动中...
2025-07-13 18:03:14,033	[INFO]	(gateway.py:115)ws_connect	[botpy] 启动中...
2025-07-13 18:03:14,172	[INFO]	(gateway.py:142)ws_identify	[botpy] 鉴权中...
2025-07-13 18:03:14,295	[INFO]	(gateway.py:85)on_message	[botpy] 机器人「WickedWonders-测试中」启动成功！
2025-07-13 18:03:14,296	[INFO]	(gateway.py:223)_send_heart	[botpy] 心跳维持启动...
2025-07-13 18:03:14,296	[INFO]	(main2.py:27)on_ready	robot 「WickedWonders-测试中」 on_ready!
2025-07-13 18:03:23,396	[INFO]	(main2.py:35)on_group_at_message_create	{'id': 'ROBOT1.0_oya6ekysXYNocC9dguhOcHmEmxtwZNbjHeyuG9mTTq.ksdzzTPgtWdUhIabI9EOQbLLUmwOQz4Ydw4H8U0mw3A!!', 'timestamp': '2025-07-13T18:03:22+08:00'}
2025-07-13 18:03:24,373	[ERROR]	(http.py:76)_handle_response	[botpy] 接口请求异常，请求连接: https://sandbox.api.sgroup.qq.com/v2/groups/CCD3EF8DB08A3AC7895C64A6BEDF51BC/messages, 错误代码: 400, 返回内容: {'message': '消息被去重，请检查请求msgseq', 'code': 40054005, 'err_code': 40054005, 'trace_id': '86d7056d3975b710fe95d220a16202d3'}, trace_id:86d7056d3975b710fe95d220a16202d3
2025-07-13 18:03:48,040	[INFO]	(client.py:162)_bot_login	[botpy] 登录机器人账号中...
2025-07-13 18:03:48,192	[INFO]	(robot.py:65)update_access_token	[botpy] access_token expires_in 5670
2025-07-13 18:03:48,602	[INFO]	(client.py:181)_bot_init	[botpy] 程序启动...
2025-07-13 18:03:48,602	[INFO]	(connection.py:60)multi_run	[botpy] 最大并发连接数: 1, 启动会话数: 1
2025-07-13 18:03:48,604	[INFO]	(client.py:242)bot_connect	[botpy] 会话启动中...
2025-07-13 18:03:48,604	[INFO]	(gateway.py:115)ws_connect	[botpy] 启动中...
2025-07-13 18:03:48,725	[INFO]	(gateway.py:142)ws_identify	[botpy] 鉴权中...
2025-07-13 18:03:48,810	[INFO]	(gateway.py:85)on_message	[botpy] 机器人「WickedWonders-测试中」启动成功！
2025-07-13 18:03:48,810	[INFO]	(gateway.py:223)_send_heart	[botpy] 心跳维持启动...
2025-07-13 18:03:48,811	[INFO]	(main2.py:23)on_ready	robot 「WickedWonders-测试中」 on_ready!
2025-07-13 18:03:55,777	[INFO]	(main2.py:31)on_group_at_message_create	{'id': 'ROBOT1.0_oya6ekysXYNocC9dguhOcLj19QDjs0D.7mX0InK6zE0iiY1NdyOR-8ZWINyHwvAzj8Pdq9ZC6PDOFUw7JZLOUw!!', 'timestamp': '2025-07-13T18:03:55+08:00'}
2025-07-13 18:03:56,277	[ERROR]	(http.py:76)_handle_response	[botpy] 接口请求异常，请求连接: https://sandbox.api.sgroup.qq.com/v2/groups/CCD3EF8DB08A3AC7895C64A6BEDF51BC/messages, 错误代码: 400, 返回内容: {'message': '消息被去重，请检查请求msgseq', 'code': 40054005, 'err_code': 40054005, 'trace_id': '97e7a0a17da783349cc2646862e9cb1e'}, trace_id:97e7a0a17da783349cc2646862e9cb1e
2025-07-13 18:04:29,484	[INFO]	(main2.py:31)on_group_at_message_create	{'id': 'ROBOT1.0_oya6ekysXYNocC9dguhOcB89pHUMMpGj6O8jHv9mdpGkkeZ2HUS2kt1qg6cYfi06Ct99PPE6eT13wur27A4sFA!!', 'timestamp': '2025-07-13T18:04:28+08:00'}
2025-07-13 18:04:29,954	[ERROR]	(http.py:76)_handle_response	[botpy] 接口请求异常，请求连接: https://sandbox.api.sgroup.qq.com/v2/groups/CCD3EF8DB08A3AC7895C64A6BEDF51BC/messages, 错误代码: 400, 返回内容: {'message': '消息被去重，请检查请求msgseq', 'code': 40054005, 'err_code': 40054005, 'trace_id': 'ff45d07f9cd15747ad1abf12d82db3e0'}, trace_id:ff45d07f9cd15747ad1abf12d82db3e0
2025-07-13 18:04:34,447	[INFO]	(client.py:162)_bot_login	[botpy] 登录机器人账号中...
2025-07-13 18:04:34,610	[INFO]	(robot.py:65)update_access_token	[botpy] access_token expires_in 5624
2025-07-13 18:04:35,290	[INFO]	(client.py:181)_bot_init	[botpy] 程序启动...
2025-07-13 18:04:35,290	[INFO]	(connection.py:60)multi_run	[botpy] 最大并发连接数: 1, 启动会话数: 1
2025-07-13 18:04:35,291	[INFO]	(client.py:242)bot_connect	[botpy] 会话启动中...
2025-07-13 18:04:35,291	[INFO]	(gateway.py:115)ws_connect	[botpy] 启动中...
2025-07-13 18:04:35,422	[INFO]	(gateway.py:142)ws_identify	[botpy] 鉴权中...
2025-07-13 18:04:35,540	[INFO]	(gateway.py:85)on_message	[botpy] 机器人「WickedWonders-测试中」启动成功！
2025-07-13 18:04:35,541	[INFO]	(gateway.py:223)_send_heart	[botpy] 心跳维持启动...
2025-07-13 18:04:35,541	[INFO]	(main2.py:27)on_ready	robot 「WickedWonders-测试中」 on_ready!
2025-07-13 18:04:40,728	[INFO]	(main2.py:35)on_group_at_message_create	{'id': 'ROBOT1.0_oya6ekysXYNocC9dguhOcHF5hXjD1WIWTBaJVQ0gaqpxI32EsW4M1qnPw1rfAQdFt7wEpVztuJFJ-smQ0Jq-JA!!', 'timestamp': '2025-07-13T18:04:40+08:00'}
2025-07-13 18:04:53,741	[INFO]	(main2.py:35)on_group_at_message_create	{'id': 'ROBOT1.0_oya6ekysXYNocC9dguhOcGZOFSaRALXfLvkZZFjSfzj9zAxHrSIBMd.m1mOiUBB3kCNecUgh.i.f-7JS4tXDdQ!!', 'timestamp': '2025-07-13T18:04:53+08:00'}
2025-07-13 18:05:36,865	[INFO]	(main2.py:35)on_group_at_message_create	{'id': 'ROBOT1.0_oya6ekysXYNocC9dguhOcIUcEypWJ-RYluqVOPFwwYCqA8nbvW8d0vfY8.MV5AVpa0DOxU-38KZgrkM6oYaPTQ!!', 'timestamp': '2025-07-13T18:05:36+08:00'}
2025-07-13 18:06:26,423	[INFO]	(main2.py:35)on_group_at_message_create	{'id': 'ROBOT1.0_oya6ekysXYNocC9dguhOcJAhbeNTuNfR3cUaJ-4tcHzuDDKO2uh2vEJGtrhZ61.IY8BXUShrS.j27DxyIrTYRA!!', 'timestamp': '2025-07-13T18:06:25+08:00'}
2025-07-13 18:06:42,091	[INFO]	(main2.py:35)on_group_at_message_create	{'id': 'ROBOT1.0_oya6ekysXYNocC9dguhOcFdutetVhHBebIB404JdHDfoCCkyi8BhFm6lIC3LQ0UJX9w.BPVZkgxiavGXRIsFuw!!', 'timestamp': '2025-07-13T18:06:41+08:00'}
2025-07-13 18:07:29,059	[INFO]	(main2.py:35)on_group_at_message_create	{'id': 'ROBOT1.0_oya6ekysXYNocC9dguhOcBqWEvU6cy28aoZp7e2ZErGHp.6HTqZ2yjY09b1zoIGSb.K-t1w8JxRby24SBLFAmQ!!', 'timestamp': '2025-07-13T18:07:28+08:00'}
2025-07-13 18:34:35,378	[INFO]	(gateway.py:56)on_closed	[botpy] 关闭, 返回码: 4009, 返回信息: Session timed out
2025-07-13 18:34:35,378	[INFO]	(gateway.py:134)ws_connect	[botpy] ws关闭, 停止接收消息!
2025-07-13 18:34:40,385	[INFO]	(connection.py:60)multi_run	[botpy] 最大并发连接数: 1, 启动会话数: 1
2025-07-13 18:34:40,386	[INFO]	(client.py:242)bot_connect	[botpy] 会话启动中...
2025-07-13 18:34:40,386	[INFO]	(gateway.py:115)ws_connect	[botpy] 启动中...
2025-07-13 18:34:40,558	[INFO]	(gateway.py:175)ws_resume	[botpy] 重连启动...
2025-07-13 18:34:40,642	[INFO]	(gateway.py:90)on_message	[botpy] 机器人重连成功! 
2025-07-13 18:34:40,644	[INFO]	(gateway.py:223)_send_heart	[botpy] 心跳维持启动...
2025-07-13 18:37:42,536	[INFO]	(client.py:162)_bot_login	[botpy] 登录机器人账号中...
2025-07-13 18:37:42,797	[INFO]	(robot.py:65)update_access_token	[botpy] access_token expires_in 3636
2025-07-13 18:37:43,542	[INFO]	(client.py:181)_bot_init	[botpy] 程序启动...
2025-07-13 18:37:43,542	[INFO]	(connection.py:60)multi_run	[botpy] 最大并发连接数: 1, 启动会话数: 1
2025-07-13 18:37:43,542	[INFO]	(client.py:242)bot_connect	[botpy] 会话启动中...
2025-07-13 18:37:43,543	[INFO]	(gateway.py:115)ws_connect	[botpy] 启动中...
2025-07-13 18:37:43,672	[INFO]	(gateway.py:142)ws_identify	[botpy] 鉴权中...
2025-07-13 18:37:43,801	[INFO]	(gateway.py:85)on_message	[botpy] 机器人「WickedWonders-测试中」启动成功！
2025-07-13 18:37:43,803	[INFO]	(gateway.py:223)_send_heart	[botpy] 心跳维持启动...
2025-07-13 18:37:43,803	[INFO]	(main.py:16)on_ready	robot 「WickedWonders-测试中」 on_ready!
2025-07-13 18:38:47,392	[INFO]	(client.py:162)_bot_login	[botpy] 登录机器人账号中...
2025-07-13 18:38:47,653	[INFO]	(robot.py:65)update_access_token	[botpy] access_token expires_in 3571
2025-07-13 18:38:48,641	[INFO]	(client.py:181)_bot_init	[botpy] 程序启动...
2025-07-13 18:38:48,641	[INFO]	(connection.py:60)multi_run	[botpy] 最大并发连接数: 1, 启动会话数: 1
2025-07-13 18:38:48,641	[INFO]	(client.py:242)bot_connect	[botpy] 会话启动中...
2025-07-13 18:38:48,642	[INFO]	(gateway.py:115)ws_connect	[botpy] 启动中...
2025-07-13 18:38:48,746	[INFO]	(gateway.py:142)ws_identify	[botpy] 鉴权中...
2025-07-13 18:38:48,860	[INFO]	(gateway.py:85)on_message	[botpy] 机器人「WickedWonders-测试中」启动成功！
2025-07-13 18:38:48,861	[INFO]	(gateway.py:223)_send_heart	[botpy] 心跳维持启动...
2025-07-13 18:38:48,862	[INFO]	(main.py:16)on_ready	robot 「WickedWonders-测试中」 on_ready!
2025-07-13 18:42:02,256	[INFO]	(client.py:162)_bot_login	[botpy] 登录机器人账号中...
2025-07-13 18:42:02,396	[INFO]	(robot.py:65)update_access_token	[botpy] access_token expires_in 3376
2025-07-13 18:42:02,875	[INFO]	(client.py:181)_bot_init	[botpy] 程序启动...
2025-07-13 18:42:02,875	[INFO]	(connection.py:60)multi_run	[botpy] 最大并发连接数: 1, 启动会话数: 1
2025-07-13 18:42:02,876	[INFO]	(client.py:242)bot_connect	[botpy] 会话启动中...
2025-07-13 18:42:02,876	[INFO]	(gateway.py:115)ws_connect	[botpy] 启动中...
2025-07-13 18:42:02,993	[INFO]	(gateway.py:142)ws_identify	[botpy] 鉴权中...
2025-07-13 18:42:03,089	[INFO]	(gateway.py:85)on_message	[botpy] 机器人「WickedWonders-测试中」启动成功！
2025-07-13 18:42:03,090	[INFO]	(gateway.py:223)_send_heart	[botpy] 心跳维持启动...
2025-07-13 18:42:03,090	[INFO]	(main.py:16)on_ready	robot 「WickedWonders-测试中」 is ready!
2025-07-13 18:46:08,534	[INFO]	(client.py:162)_bot_login	[botpy] 登录机器人账号中...
2025-07-13 18:46:08,726	[INFO]	(robot.py:65)update_access_token	[botpy] access_token expires_in 3130
2025-07-13 18:46:09,180	[INFO]	(client.py:181)_bot_init	[botpy] 程序启动...
2025-07-13 18:46:09,181	[INFO]	(connection.py:60)multi_run	[botpy] 最大并发连接数: 1, 启动会话数: 1
2025-07-13 18:46:09,181	[INFO]	(client.py:242)bot_connect	[botpy] 会话启动中...
2025-07-13 18:46:09,182	[INFO]	(gateway.py:115)ws_connect	[botpy] 启动中...
2025-07-13 18:46:09,321	[INFO]	(gateway.py:142)ws_identify	[botpy] 鉴权中...
2025-07-13 18:46:09,424	[INFO]	(gateway.py:85)on_message	[botpy] 机器人「WickedWonders-测试中」启动成功！
2025-07-13 18:46:09,425	[INFO]	(gateway.py:223)_send_heart	[botpy] 心跳维持启动...
2025-07-13 18:46:09,425	[INFO]	(main.py:16)on_ready	robot 「WickedWonders-测试中」 is ready!
2025-07-13 18:46:17,114	[INFO]	(client.py:162)_bot_login	[botpy] 登录机器人账号中...
2025-07-13 18:46:17,261	[INFO]	(robot.py:65)update_access_token	[botpy] access_token expires_in 3121
2025-07-13 18:46:17,661	[INFO]	(client.py:181)_bot_init	[botpy] 程序启动...
2025-07-13 18:46:17,662	[INFO]	(connection.py:60)multi_run	[botpy] 最大并发连接数: 1, 启动会话数: 1
2025-07-13 18:46:17,662	[INFO]	(client.py:242)bot_connect	[botpy] 会话启动中...
2025-07-13 18:46:17,662	[INFO]	(gateway.py:115)ws_connect	[botpy] 启动中...
2025-07-13 18:46:17,779	[INFO]	(gateway.py:142)ws_identify	[botpy] 鉴权中...
2025-07-13 18:46:17,898	[INFO]	(gateway.py:85)on_message	[botpy] 机器人「WickedWonders-测试中」启动成功！
2025-07-13 18:46:17,900	[INFO]	(gateway.py:223)_send_heart	[botpy] 心跳维持启动...
2025-07-13 18:46:17,900	[INFO]	(main.py:16)on_ready	robot 「WickedWonders-测试中」 is ready!
2025-07-13 18:46:47,355	[INFO]	(client.py:162)_bot_login	[botpy] 登录机器人账号中...
2025-07-13 18:46:47,601	[INFO]	(robot.py:65)update_access_token	[botpy] access_token expires_in 3091
2025-07-13 18:46:48,273	[INFO]	(client.py:181)_bot_init	[botpy] 程序启动...
2025-07-13 18:46:48,273	[INFO]	(connection.py:60)multi_run	[botpy] 最大并发连接数: 1, 启动会话数: 1
2025-07-13 18:46:48,274	[INFO]	(client.py:242)bot_connect	[botpy] 会话启动中...
2025-07-13 18:46:48,274	[INFO]	(gateway.py:115)ws_connect	[botpy] 启动中...
2025-07-13 18:46:48,389	[INFO]	(gateway.py:142)ws_identify	[botpy] 鉴权中...
2025-07-13 18:46:48,484	[INFO]	(gateway.py:85)on_message	[botpy] 机器人「WickedWonders-测试中」启动成功！
2025-07-13 18:46:48,486	[INFO]	(gateway.py:223)_send_heart	[botpy] 心跳维持启动...
2025-07-13 18:46:48,486	[INFO]	(main.py:16)on_ready	robot 「WickedWonders-测试中」 is ready!
2025-07-13 18:51:59,577	[INFO]	(client.py:162)_bot_login	[botpy] 登录机器人账号中...
2025-07-13 18:51:59,980	[INFO]	(robot.py:65)update_access_token	[botpy] access_token expires_in 2779
2025-07-13 18:52:00,470	[INFO]	(client.py:181)_bot_init	[botpy] 程序启动...
2025-07-13 18:52:00,471	[INFO]	(connection.py:60)multi_run	[botpy] 最大并发连接数: 1, 启动会话数: 1
2025-07-13 18:52:00,471	[INFO]	(client.py:242)bot_connect	[botpy] 会话启动中...
2025-07-13 18:52:00,471	[INFO]	(gateway.py:115)ws_connect	[botpy] 启动中...
2025-07-13 18:52:00,591	[INFO]	(gateway.py:142)ws_identify	[botpy] 鉴权中...
2025-07-13 18:52:00,702	[INFO]	(gateway.py:85)on_message	[botpy] 机器人「WickedWonders-测试中」启动成功！
2025-07-13 18:52:00,703	[INFO]	(gateway.py:223)_send_heart	[botpy] 心跳维持启动...
2025-07-13 18:52:00,704	[INFO]	(main.py:16)on_ready	robot 「WickedWonders-测试中」 is ready!
2025-07-13 18:58:24,432	[INFO]	(client.py:162)_bot_login	[botpy] 登录机器人账号中...
2025-07-13 18:58:24,584	[INFO]	(robot.py:65)update_access_token	[botpy] access_token expires_in 2394
2025-07-13 18:58:25,402	[INFO]	(client.py:181)_bot_init	[botpy] 程序启动...
2025-07-13 18:58:25,402	[INFO]	(connection.py:60)multi_run	[botpy] 最大并发连接数: 1, 启动会话数: 1
2025-07-13 18:58:25,404	[INFO]	(client.py:242)bot_connect	[botpy] 会话启动中...
2025-07-13 18:58:25,404	[INFO]	(gateway.py:115)ws_connect	[botpy] 启动中...
2025-07-13 18:58:25,536	[INFO]	(gateway.py:142)ws_identify	[botpy] 鉴权中...
2025-07-13 18:58:25,678	[INFO]	(gateway.py:85)on_message	[botpy] 机器人「WickedWonders-测试中」启动成功！
2025-07-13 18:58:25,679	[INFO]	(gateway.py:223)_send_heart	[botpy] 心跳维持启动...
2025-07-13 18:58:25,679	[INFO]	(main.py:16)on_ready	robot 「WickedWonders-测试中」 is ready!
2025-07-13 18:59:49,989	[INFO]	(client.py:162)_bot_login	[botpy] 登录机器人账号中...
2025-07-13 18:59:50,142	[INFO]	(robot.py:65)update_access_token	[botpy] access_token expires_in 2308
2025-07-13 18:59:50,922	[INFO]	(client.py:181)_bot_init	[botpy] 程序启动...
2025-07-13 18:59:50,923	[INFO]	(connection.py:60)multi_run	[botpy] 最大并发连接数: 1, 启动会话数: 1
2025-07-13 18:59:50,923	[INFO]	(client.py:242)bot_connect	[botpy] 会话启动中...
2025-07-13 18:59:50,923	[INFO]	(gateway.py:115)ws_connect	[botpy] 启动中...
2025-07-13 18:59:51,044	[INFO]	(gateway.py:142)ws_identify	[botpy] 鉴权中...
2025-07-13 18:59:51,141	[INFO]	(gateway.py:85)on_message	[botpy] 机器人「WickedWonders-测试中」启动成功！
2025-07-13 18:59:51,142	[INFO]	(gateway.py:223)_send_heart	[botpy] 心跳维持启动...
2025-07-13 18:59:51,143	[INFO]	(main.py:16)on_ready	robot 「WickedWonders-测试中」 is ready!
2025-07-13 19:21:37,319	[INFO]	(client.py:162)_bot_login	[botpy] 登录机器人账号中...
2025-07-13 19:21:37,574	[INFO]	(robot.py:65)update_access_token	[botpy] access_token expires_in 1001
2025-07-13 19:21:38,112	[INFO]	(client.py:181)_bot_init	[botpy] 程序启动...
2025-07-13 19:21:38,113	[INFO]	(connection.py:60)multi_run	[botpy] 最大并发连接数: 1, 启动会话数: 1
2025-07-13 19:21:38,113	[INFO]	(client.py:242)bot_connect	[botpy] 会话启动中...
2025-07-13 19:21:38,113	[INFO]	(gateway.py:115)ws_connect	[botpy] 启动中...
2025-07-13 19:21:38,228	[INFO]	(gateway.py:142)ws_identify	[botpy] 鉴权中...
2025-07-13 19:21:38,365	[INFO]	(gateway.py:85)on_message	[botpy] 机器人「WickedWonders-测试中」启动成功！
2025-07-13 19:21:38,365	[INFO]	(gateway.py:223)_send_heart	[botpy] 心跳维持启动...
2025-07-13 19:21:38,365	[INFO]	(main.py:24)on_ready	robot 「WickedWonders-测试中」 is ready!
2025-07-13 19:48:43,982	[INFO]	(client.py:162)_bot_login	[botpy] 登录机器人账号中...
2025-07-13 19:48:44,308	[INFO]	(robot.py:65)update_access_token	[botpy] access_token expires_in 7200
2025-07-13 19:48:45,517	[INFO]	(client.py:181)_bot_init	[botpy] 程序启动...
2025-07-13 19:48:45,517	[INFO]	(connection.py:60)multi_run	[botpy] 最大并发连接数: 1, 启动会话数: 1
2025-07-13 19:48:45,518	[INFO]	(client.py:242)bot_connect	[botpy] 会话启动中...
2025-07-13 19:48:45,518	[INFO]	(gateway.py:115)ws_connect	[botpy] 启动中...
2025-07-13 19:48:45,624	[INFO]	(gateway.py:142)ws_identify	[botpy] 鉴权中...
2025-07-13 19:48:45,729	[INFO]	(gateway.py:85)on_message	[botpy] 机器人「WickedWonders-测试中」启动成功！
2025-07-13 19:48:45,730	[INFO]	(gateway.py:223)_send_heart	[botpy] 心跳维持启动...
2025-07-13 19:48:45,730	[INFO]	(main.py:25)on_ready	robot 「WickedWonders-测试中」 is ready!
2025-07-13 19:51:13,194	[INFO]	(client.py:162)_bot_login	[botpy] 登录机器人账号中...
2025-07-13 19:51:13,358	[INFO]	(robot.py:65)update_access_token	[botpy] access_token expires_in 7051
2025-07-13 19:51:14,133	[INFO]	(client.py:181)_bot_init	[botpy] 程序启动...
2025-07-13 19:51:14,133	[INFO]	(connection.py:60)multi_run	[botpy] 最大并发连接数: 1, 启动会话数: 1
2025-07-13 19:51:14,134	[INFO]	(client.py:242)bot_connect	[botpy] 会话启动中...
2025-07-13 19:51:14,134	[INFO]	(gateway.py:115)ws_connect	[botpy] 启动中...
2025-07-13 19:51:14,263	[INFO]	(gateway.py:142)ws_identify	[botpy] 鉴权中...
2025-07-13 19:51:14,377	[INFO]	(gateway.py:85)on_message	[botpy] 机器人「WickedWonders-测试中」启动成功！
2025-07-13 19:51:14,377	[INFO]	(gateway.py:223)_send_heart	[botpy] 心跳维持启动...
2025-07-13 19:51:14,377	[INFO]	(main.py:25)on_ready	robot 「WickedWonders-测试中」 is ready!
2025-07-13 19:58:18,471	[INFO]	(client.py:162)_bot_login	[botpy] 登录机器人账号中...
2025-07-13 19:58:18,648	[INFO]	(robot.py:65)update_access_token	[botpy] access_token expires_in 6626
2025-07-13 19:58:19,500	[INFO]	(client.py:181)_bot_init	[botpy] 程序启动...
2025-07-13 19:58:19,500	[INFO]	(connection.py:60)multi_run	[botpy] 最大并发连接数: 1, 启动会话数: 1
2025-07-13 19:58:19,500	[INFO]	(client.py:242)bot_connect	[botpy] 会话启动中...
2025-07-13 19:58:19,500	[INFO]	(gateway.py:115)ws_connect	[botpy] 启动中...
2025-07-13 19:58:19,625	[INFO]	(gateway.py:142)ws_identify	[botpy] 鉴权中...
2025-07-13 19:58:19,721	[INFO]	(gateway.py:85)on_message	[botpy] 机器人「WickedWonders-测试中」启动成功！
2025-07-13 19:58:19,721	[INFO]	(gateway.py:223)_send_heart	[botpy] 心跳维持启动...
2025-07-13 19:58:19,722	[INFO]	(main.py:25)on_ready	robot 「WickedWonders-测试中」 is ready!
2025-07-13 19:59:49,627	[INFO]	(client.py:162)_bot_login	[botpy] 登录机器人账号中...
2025-07-13 19:59:49,944	[INFO]	(robot.py:65)update_access_token	[botpy] access_token expires_in 6534
2025-07-13 19:59:50,720	[INFO]	(client.py:181)_bot_init	[botpy] 程序启动...
2025-07-13 19:59:50,721	[INFO]	(connection.py:60)multi_run	[botpy] 最大并发连接数: 1, 启动会话数: 1
2025-07-13 19:59:50,721	[INFO]	(client.py:242)bot_connect	[botpy] 会话启动中...
2025-07-13 19:59:50,721	[INFO]	(gateway.py:115)ws_connect	[botpy] 启动中...
2025-07-13 19:59:50,838	[INFO]	(gateway.py:142)ws_identify	[botpy] 鉴权中...
2025-07-13 19:59:50,943	[INFO]	(gateway.py:85)on_message	[botpy] 机器人「WickedWonders-测试中」启动成功！
2025-07-13 19:59:50,943	[INFO]	(gateway.py:223)_send_heart	[botpy] 心跳维持启动...
2025-07-13 19:59:50,944	[INFO]	(main.py:25)on_ready	robot 「WickedWonders-测试中」 is ready!
2025-07-13 20:01:39,892	[INFO]	(client.py:162)_bot_login	[botpy] 登录机器人账号中...
2025-07-13 20:01:40,167	[INFO]	(robot.py:65)update_access_token	[botpy] access_token expires_in 6424
2025-07-13 20:01:41,190	[INFO]	(client.py:181)_bot_init	[botpy] 程序启动...
2025-07-13 20:01:41,190	[INFO]	(connection.py:60)multi_run	[botpy] 最大并发连接数: 1, 启动会话数: 1
2025-07-13 20:01:41,190	[INFO]	(client.py:242)bot_connect	[botpy] 会话启动中...
2025-07-13 20:01:41,190	[INFO]	(gateway.py:115)ws_connect	[botpy] 启动中...
2025-07-13 20:01:41,314	[INFO]	(gateway.py:142)ws_identify	[botpy] 鉴权中...
2025-07-13 20:01:41,434	[INFO]	(gateway.py:85)on_message	[botpy] 机器人「WickedWonders-测试中」启动成功！
2025-07-13 20:01:41,434	[INFO]	(gateway.py:223)_send_heart	[botpy] 心跳维持启动...
2025-07-13 20:01:41,435	[INFO]	(main.py:25)on_ready	robot 「WickedWonders-测试中」 is ready!
2025-07-13 20:04:35,828	[INFO]	(client.py:162)_bot_login	[botpy] 登录机器人账号中...
2025-07-13 20:04:36,007	[INFO]	(robot.py:65)update_access_token	[botpy] access_token expires_in 6248
2025-07-13 20:04:36,615	[INFO]	(client.py:181)_bot_init	[botpy] 程序启动...
2025-07-13 20:04:36,616	[INFO]	(connection.py:60)multi_run	[botpy] 最大并发连接数: 1, 启动会话数: 1
2025-07-13 20:04:36,616	[INFO]	(client.py:242)bot_connect	[botpy] 会话启动中...
2025-07-13 20:04:36,616	[INFO]	(gateway.py:115)ws_connect	[botpy] 启动中...
2025-07-13 20:04:36,727	[INFO]	(gateway.py:142)ws_identify	[botpy] 鉴权中...
2025-07-13 20:04:36,844	[INFO]	(gateway.py:85)on_message	[botpy] 机器人「WickedWonders-测试中」启动成功！
2025-07-13 20:04:36,845	[INFO]	(gateway.py:223)_send_heart	[botpy] 心跳维持启动...
2025-07-13 20:04:36,845	[INFO]	(main.py:25)on_ready	robot 「WickedWonders-测试中」 is ready!
2025-07-13 20:06:46,797	[INFO]	(client.py:162)_bot_login	[botpy] 登录机器人账号中...
2025-07-13 20:06:47,046	[INFO]	(robot.py:65)update_access_token	[botpy] access_token expires_in 6117
2025-07-13 20:06:48,086	[INFO]	(client.py:181)_bot_init	[botpy] 程序启动...
2025-07-13 20:06:48,086	[INFO]	(connection.py:60)multi_run	[botpy] 最大并发连接数: 1, 启动会话数: 1
2025-07-13 20:06:48,087	[INFO]	(client.py:242)bot_connect	[botpy] 会话启动中...
2025-07-13 20:06:48,087	[INFO]	(gateway.py:115)ws_connect	[botpy] 启动中...
2025-07-13 20:06:48,192	[INFO]	(gateway.py:142)ws_identify	[botpy] 鉴权中...
2025-07-13 20:06:48,282	[INFO]	(gateway.py:85)on_message	[botpy] 机器人「WickedWonders-测试中」启动成功！
2025-07-13 20:06:48,283	[INFO]	(gateway.py:223)_send_heart	[botpy] 心跳维持启动...
2025-07-13 20:06:48,283	[INFO]	(main.py:25)on_ready	robot 「WickedWonders-测试中」 is ready!
2025-07-13 20:06:55,232	[ERROR]	(http.py:76)_handle_response	[botpy] 接口请求异常，请求连接: https://sandbox.api.sgroup.qq.com/v2/groups/CCD3EF8DB08A3AC7895C64A6BEDF51BC/files, 错误代码: 400, 返回内容: {'message': '富媒体文件下载失败', 'code': 850026, 'err_code': 40034001, 'trace_id': '48615d82f9d7d635436d697428786875'}, trace_id:48615d82f9d7d635436d697428786875
2025-07-13 20:07:45,761	[INFO]	(client.py:162)_bot_login	[botpy] 登录机器人账号中...
2025-07-13 20:07:45,958	[INFO]	(robot.py:65)update_access_token	[botpy] access_token expires_in 6058
2025-07-13 20:07:46,362	[INFO]	(client.py:181)_bot_init	[botpy] 程序启动...
2025-07-13 20:07:46,362	[INFO]	(connection.py:60)multi_run	[botpy] 最大并发连接数: 1, 启动会话数: 1
2025-07-13 20:07:46,363	[INFO]	(client.py:242)bot_connect	[botpy] 会话启动中...
2025-07-13 20:07:46,363	[INFO]	(gateway.py:115)ws_connect	[botpy] 启动中...
2025-07-13 20:07:46,486	[INFO]	(gateway.py:142)ws_identify	[botpy] 鉴权中...
2025-07-13 20:07:46,572	[INFO]	(gateway.py:85)on_message	[botpy] 机器人「WickedWonders-测试中」启动成功！
2025-07-13 20:07:46,573	[INFO]	(gateway.py:223)_send_heart	[botpy] 心跳维持启动...
2025-07-13 20:07:46,573	[INFO]	(main.py:25)on_ready	robot 「WickedWonders-测试中」 is ready!
2025-07-13 20:20:47,201	[INFO]	(client.py:162)_bot_login	[botpy] 登录机器人账号中...
2025-07-13 20:20:48,272	[INFO]	(robot.py:65)update_access_token	[botpy] access_token expires_in 5276
2025-07-13 20:20:49,124	[INFO]	(client.py:181)_bot_init	[botpy] 程序启动...
2025-07-13 20:20:49,124	[INFO]	(connection.py:60)multi_run	[botpy] 最大并发连接数: 1, 启动会话数: 1
2025-07-13 20:20:49,125	[INFO]	(client.py:242)bot_connect	[botpy] 会话启动中...
2025-07-13 20:20:49,125	[INFO]	(gateway.py:115)ws_connect	[botpy] 启动中...
2025-07-13 20:20:49,236	[INFO]	(gateway.py:142)ws_identify	[botpy] 鉴权中...
2025-07-13 20:20:49,353	[INFO]	(gateway.py:85)on_message	[botpy] 机器人「WickedWonders-测试中」启动成功！
2025-07-13 20:20:49,353	[INFO]	(gateway.py:223)_send_heart	[botpy] 心跳维持启动...
2025-07-13 20:20:49,353	[INFO]	(main.py:25)on_ready	robot 「WickedWonders-测试中」 is ready!
2025-07-13 20:20:58,616	[ERROR]	(http.py:76)_handle_response	[botpy] 接口请求异常，请求连接: https://sandbox.api.sgroup.qq.com/v2/groups/CCD3EF8DB08A3AC7895C64A6BEDF51BC/files, 错误代码: 400, 返回内容: {'message': '请求参数url无效', 'code': 850028, 'err_code': 40011021, 'trace_id': '025949025f25f981bd2d507834a54de6'}, trace_id:025949025f25f981bd2d507834a54de6
2025-07-13 20:26:09,619	[INFO]	(client.py:162)_bot_login	[botpy] 登录机器人账号中...
2025-07-13 20:26:09,885	[INFO]	(robot.py:65)update_access_token	[botpy] access_token expires_in 4954
2025-07-13 20:26:11,486	[INFO]	(client.py:181)_bot_init	[botpy] 程序启动...
2025-07-13 20:26:11,487	[INFO]	(connection.py:60)multi_run	[botpy] 最大并发连接数: 1, 启动会话数: 1
2025-07-13 20:26:11,487	[INFO]	(client.py:242)bot_connect	[botpy] 会话启动中...
2025-07-13 20:26:11,487	[INFO]	(gateway.py:115)ws_connect	[botpy] 启动中...
2025-07-13 20:26:11,608	[INFO]	(gateway.py:142)ws_identify	[botpy] 鉴权中...
2025-07-13 20:26:11,705	[INFO]	(gateway.py:85)on_message	[botpy] 机器人「WickedWonders-测试中」启动成功！
2025-07-13 20:26:11,705	[INFO]	(gateway.py:223)_send_heart	[botpy] 心跳维持启动...
2025-07-13 20:26:11,706	[INFO]	(main.py:25)on_ready	robot 「WickedWonders-测试中」 is ready!
2025-07-13 20:37:07,666	[INFO]	(client.py:162)_bot_login	[botpy] 登录机器人账号中...
2025-07-13 20:37:07,941	[INFO]	(robot.py:65)update_access_token	[botpy] access_token expires_in 4296
2025-07-13 20:37:08,943	[INFO]	(client.py:181)_bot_init	[botpy] 程序启动...
2025-07-13 20:37:08,943	[INFO]	(connection.py:60)multi_run	[botpy] 最大并发连接数: 1, 启动会话数: 1
2025-07-13 20:37:08,943	[INFO]	(client.py:242)bot_connect	[botpy] 会话启动中...
2025-07-13 20:37:08,945	[INFO]	(gateway.py:115)ws_connect	[botpy] 启动中...
2025-07-13 20:37:09,069	[INFO]	(gateway.py:142)ws_identify	[botpy] 鉴权中...
2025-07-13 20:37:09,191	[INFO]	(gateway.py:85)on_message	[botpy] 机器人「WickedWonders-测试中」启动成功！
2025-07-13 20:37:09,191	[INFO]	(gateway.py:223)_send_heart	[botpy] 心跳维持启动...
2025-07-13 20:37:09,192	[INFO]	(main.py:25)on_ready	robot 「WickedWonders-测试中」 is ready!
2025-07-13 20:39:57,398	[INFO]	(client.py:162)_bot_login	[botpy] 登录机器人账号中...
2025-07-13 20:39:57,578	[INFO]	(robot.py:65)update_access_token	[botpy] access_token expires_in 4127
2025-07-13 20:39:58,367	[INFO]	(client.py:181)_bot_init	[botpy] 程序启动...
2025-07-13 20:39:58,368	[INFO]	(connection.py:60)multi_run	[botpy] 最大并发连接数: 1, 启动会话数: 1
2025-07-13 20:39:58,368	[INFO]	(client.py:242)bot_connect	[botpy] 会话启动中...
2025-07-13 20:39:58,368	[INFO]	(gateway.py:115)ws_connect	[botpy] 启动中...
2025-07-13 20:39:58,484	[INFO]	(gateway.py:142)ws_identify	[botpy] 鉴权中...
2025-07-13 20:39:58,601	[INFO]	(gateway.py:85)on_message	[botpy] 机器人「WickedWonders-测试中」启动成功！
2025-07-13 20:39:58,602	[INFO]	(gateway.py:223)_send_heart	[botpy] 心跳维持启动...
2025-07-13 20:39:58,603	[INFO]	(main.py:25)on_ready	robot 「WickedWonders-测试中」 is ready!
2025-07-13 20:40:11,107	[ERROR]	(http.py:76)_handle_response	[botpy] 接口请求异常，请求连接: https://sandbox.api.sgroup.qq.com/v2/groups/CCD3EF8DB08A3AC7895C64A6BEDF51BC/files, 错误代码: 400, 返回内容: {'message': '富媒体文件上传超时', 'code': 850027, 'err_code': 40034003, 'trace_id': 'cca69c8cdceee05475c0c60107d1002f'}, trace_id:cca69c8cdceee05475c0c60107d1002f
2025-07-13 20:41:34,203	[INFO]	(client.py:162)_bot_login	[botpy] 登录机器人账号中...
2025-07-13 20:41:34,473	[INFO]	(robot.py:65)update_access_token	[botpy] access_token expires_in 4030
2025-07-13 20:41:34,890	[INFO]	(client.py:181)_bot_init	[botpy] 程序启动...
2025-07-13 20:41:34,890	[INFO]	(connection.py:60)multi_run	[botpy] 最大并发连接数: 1, 启动会话数: 1
2025-07-13 20:41:34,890	[INFO]	(client.py:242)bot_connect	[botpy] 会话启动中...
2025-07-13 20:41:34,891	[INFO]	(gateway.py:115)ws_connect	[botpy] 启动中...
2025-07-13 20:41:35,019	[INFO]	(gateway.py:142)ws_identify	[botpy] 鉴权中...
2025-07-13 20:41:35,119	[INFO]	(gateway.py:85)on_message	[botpy] 机器人「WickedWonders-测试中」启动成功！
2025-07-13 20:41:35,120	[INFO]	(gateway.py:223)_send_heart	[botpy] 心跳维持启动...
2025-07-13 20:41:35,120	[INFO]	(main.py:25)on_ready	robot 「WickedWonders-测试中」 is ready!
2025-07-13 20:42:15,239	[WARNING]	(http.py:192)request	请求超时，请求连接: https://sandbox.api.sgroup.qq.com/v2/groups/CCD3EF8DB08A3AC7895C64A6BEDF51BC/files
2025-07-13 20:42:15,435	[ERROR]	(http.py:76)_handle_response	[botpy] 接口请求异常，请求连接: https://sandbox.api.sgroup.qq.com/v2/groups/CCD3EF8DB08A3AC7895C64A6BEDF51BC/messages, 错误代码: 500, 返回内容: {'message': 'invalid file_info', 'code': 304080, 'err_code': 304080, 'trace_id': '38012f0df21a46f36d2e1257839eda6f'}, trace_id:38012f0df21a46f36d2e1257839eda6f
2025-07-13 20:45:31,748	[INFO]	(client.py:162)_bot_login	[botpy] 登录机器人账号中...
2025-07-13 20:45:32,017	[INFO]	(robot.py:65)update_access_token	[botpy] access_token expires_in 3792
2025-07-13 20:45:33,046	[INFO]	(client.py:181)_bot_init	[botpy] 程序启动...
2025-07-13 20:45:33,047	[INFO]	(connection.py:60)multi_run	[botpy] 最大并发连接数: 1, 启动会话数: 1
2025-07-13 20:45:33,047	[INFO]	(client.py:242)bot_connect	[botpy] 会话启动中...
2025-07-13 20:45:33,047	[INFO]	(gateway.py:115)ws_connect	[botpy] 启动中...
2025-07-13 20:45:33,176	[INFO]	(gateway.py:142)ws_identify	[botpy] 鉴权中...
2025-07-13 20:45:33,290	[INFO]	(gateway.py:85)on_message	[botpy] 机器人「WickedWonders-测试中」启动成功！
2025-07-13 20:45:33,291	[INFO]	(gateway.py:223)_send_heart	[botpy] 心跳维持启动...
2025-07-13 20:45:33,291	[INFO]	(main.py:25)on_ready	robot 「WickedWonders-测试中」 is ready!
2025-07-13 20:45:47,253	[WARNING]	(http.py:192)request	请求超时，请求连接: https://sandbox.api.sgroup.qq.com/v2/groups/CCD3EF8DB08A3AC7895C64A6BEDF51BC/files
2025-07-13 20:45:47,721	[ERROR]	(http.py:76)_handle_response	[botpy] 接口请求异常，请求连接: https://sandbox.api.sgroup.qq.com/v2/groups/CCD3EF8DB08A3AC7895C64A6BEDF51BC/messages, 错误代码: 500, 返回内容: {'message': 'invalid file_info', 'code': 304080, 'err_code': 304080, 'trace_id': '5aec3527750de3782950911523fd89da'}, trace_id:5aec3527750de3782950911523fd89da
2025-07-13 20:46:19,662	[ERROR]	(http.py:76)_handle_response	[botpy] 接口请求异常，请求连接: https://sandbox.api.sgroup.qq.com/v2/groups/CCD3EF8DB08A3AC7895C64A6BEDF51BC/files, 错误代码: 400, 返回内容: {'message': '富媒体文件上传超时', 'code': 850027, 'err_code': 40034003, 'trace_id': '343507211a51a1c17d311703be9938f2'}, trace_id:343507211a51a1c17d311703be9938f2
2025-07-13 20:46:50,135	[INFO]	(client.py:162)_bot_login	[botpy] 登录机器人账号中...
2025-07-13 20:46:50,284	[INFO]	(robot.py:65)update_access_token	[botpy] access_token expires_in 3714
2025-07-13 20:46:50,689	[INFO]	(client.py:181)_bot_init	[botpy] 程序启动...
2025-07-13 20:46:50,690	[INFO]	(connection.py:60)multi_run	[botpy] 最大并发连接数: 1, 启动会话数: 1
2025-07-13 20:46:50,690	[INFO]	(client.py:242)bot_connect	[botpy] 会话启动中...
2025-07-13 20:46:50,690	[INFO]	(gateway.py:115)ws_connect	[botpy] 启动中...
2025-07-13 20:46:50,810	[INFO]	(gateway.py:142)ws_identify	[botpy] 鉴权中...
2025-07-13 20:46:50,911	[INFO]	(gateway.py:85)on_message	[botpy] 机器人「WickedWonders-测试中」启动成功！
2025-07-13 20:46:50,911	[INFO]	(gateway.py:223)_send_heart	[botpy] 心跳维持启动...
2025-07-13 20:46:50,911	[INFO]	(main.py:25)on_ready	robot 「WickedWonders-测试中」 is ready!
2025-07-13 20:47:04,462	[ERROR]	(http.py:76)_handle_response	[botpy] 接口请求异常，请求连接: https://sandbox.api.sgroup.qq.com/v2/groups/CCD3EF8DB08A3AC7895C64A6BEDF51BC/files, 错误代码: 400, 返回内容: {'message': '富媒体文件上传超时', 'code': 850027, 'err_code': 40034003, 'trace_id': '02caa11008f729e49dce6e2e0779c86c'}, trace_id:02caa11008f729e49dce6e2e0779c86c
2025-07-13 20:49:14,503	[INFO]	(client.py:162)_bot_login	[botpy] 登录机器人账号中...
2025-07-13 20:49:14,945	[INFO]	(robot.py:65)update_access_token	[botpy] access_token expires_in 3569
2025-07-13 20:49:15,409	[INFO]	(client.py:181)_bot_init	[botpy] 程序启动...
2025-07-13 20:49:15,410	[INFO]	(connection.py:60)multi_run	[botpy] 最大并发连接数: 1, 启动会话数: 1
2025-07-13 20:49:15,410	[INFO]	(client.py:242)bot_connect	[botpy] 会话启动中...
2025-07-13 20:49:15,410	[INFO]	(gateway.py:115)ws_connect	[botpy] 启动中...
2025-07-13 20:49:15,527	[INFO]	(gateway.py:142)ws_identify	[botpy] 鉴权中...
2025-07-13 20:49:15,633	[INFO]	(gateway.py:85)on_message	[botpy] 机器人「WickedWonders-测试中」启动成功！
2025-07-13 20:49:15,634	[INFO]	(gateway.py:223)_send_heart	[botpy] 心跳维持启动...
2025-07-13 20:49:15,634	[INFO]	(main.py:25)on_ready	robot 「WickedWonders-测试中」 is ready!
2025-07-13 20:49:58,655	[INFO]	(client.py:162)_bot_login	[botpy] 登录机器人账号中...
2025-07-13 20:49:58,806	[INFO]	(robot.py:65)update_access_token	[botpy] access_token expires_in 3525
2025-07-13 20:49:59,780	[INFO]	(client.py:181)_bot_init	[botpy] 程序启动...
2025-07-13 20:49:59,780	[INFO]	(connection.py:60)multi_run	[botpy] 最大并发连接数: 1, 启动会话数: 1
2025-07-13 20:49:59,781	[INFO]	(client.py:242)bot_connect	[botpy] 会话启动中...
2025-07-13 20:49:59,781	[INFO]	(gateway.py:115)ws_connect	[botpy] 启动中...
2025-07-13 20:49:59,903	[INFO]	(gateway.py:142)ws_identify	[botpy] 鉴权中...
2025-07-13 20:50:00,019	[INFO]	(gateway.py:85)on_message	[botpy] 机器人「WickedWonders-测试中」启动成功！
2025-07-13 20:50:00,019	[INFO]	(gateway.py:223)_send_heart	[botpy] 心跳维持启动...
2025-07-13 20:50:00,019	[INFO]	(main.py:25)on_ready	robot 「WickedWonders-测试中」 is ready!
2025-07-13 20:50:20,163	[ERROR]	(http.py:76)_handle_response	[botpy] 接口请求异常，请求连接: https://sandbox.api.sgroup.qq.com/v2/groups/CCD3EF8DB08A3AC7895C64A6BEDF51BC/files, 错误代码: 400, 返回内容: {'message': '富媒体文件上传超时', 'code': 850027, 'err_code': 40034003, 'trace_id': '761316e58cb401ca940eb438c34f30fc'}, trace_id:761316e58cb401ca940eb438c34f30fc
2025-07-13 21:19:59,858	[INFO]	(gateway.py:56)on_closed	[botpy] 关闭, 返回码: 4009, 返回信息: Session timed out
2025-07-13 21:19:59,859	[INFO]	(gateway.py:134)ws_connect	[botpy] ws关闭, 停止接收消息!
2025-07-13 21:20:04,875	[INFO]	(connection.py:60)multi_run	[botpy] 最大并发连接数: 1, 启动会话数: 1
2025-07-13 21:20:04,875	[INFO]	(client.py:242)bot_connect	[botpy] 会话启动中...
2025-07-13 21:20:04,875	[INFO]	(gateway.py:115)ws_connect	[botpy] 启动中...
2025-07-13 21:20:05,020	[INFO]	(gateway.py:175)ws_resume	[botpy] 重连启动...
2025-07-13 21:20:05,108	[INFO]	(gateway.py:90)on_message	[botpy] 机器人重连成功! 
2025-07-13 21:20:05,108	[INFO]	(gateway.py:223)_send_heart	[botpy] 心跳维持启动...
2025-07-13 22:07:56,711	[INFO]	(client.py:162)_bot_login	[botpy] 登录机器人账号中...
2025-07-13 22:07:57,055	[INFO]	(robot.py:65)update_access_token	[botpy] access_token expires_in 7200
2025-07-13 22:07:57,977	[INFO]	(client.py:181)_bot_init	[botpy] 程序启动...
2025-07-13 22:07:57,977	[INFO]	(connection.py:60)multi_run	[botpy] 最大并发连接数: 1, 启动会话数: 1
2025-07-13 22:07:57,978	[INFO]	(client.py:242)bot_connect	[botpy] 会话启动中...
2025-07-13 22:07:57,978	[INFO]	(gateway.py:115)ws_connect	[botpy] 启动中...
2025-07-13 22:07:58,091	[INFO]	(gateway.py:142)ws_identify	[botpy] 鉴权中...
2025-07-13 22:07:58,209	[INFO]	(gateway.py:85)on_message	[botpy] 机器人「WickedWonders-测试中」启动成功！
2025-07-13 22:07:58,210	[INFO]	(gateway.py:223)_send_heart	[botpy] 心跳维持启动...
2025-07-13 22:07:58,210	[INFO]	(main.py:25)on_ready	robot 「WickedWonders-测试中」 is ready!
2025-07-13 22:09:34,608	[INFO]	(client.py:162)_bot_login	[botpy] 登录机器人账号中...
2025-07-13 22:09:34,758	[INFO]	(robot.py:65)update_access_token	[botpy] access_token expires_in 7102
2025-07-13 22:09:35,250	[INFO]	(client.py:181)_bot_init	[botpy] 程序启动...
2025-07-13 22:09:35,251	[INFO]	(connection.py:60)multi_run	[botpy] 最大并发连接数: 1, 启动会话数: 1
2025-07-13 22:09:35,251	[INFO]	(client.py:242)bot_connect	[botpy] 会话启动中...
2025-07-13 22:09:35,251	[INFO]	(gateway.py:115)ws_connect	[botpy] 启动中...
2025-07-13 22:09:35,370	[INFO]	(gateway.py:142)ws_identify	[botpy] 鉴权中...
2025-07-13 22:09:35,480	[INFO]	(gateway.py:85)on_message	[botpy] 机器人「WickedWonders-测试中」启动成功！
2025-07-13 22:09:35,480	[INFO]	(gateway.py:223)_send_heart	[botpy] 心跳维持启动...
2025-07-13 22:09:35,481	[INFO]	(main.py:25)on_ready	robot 「WickedWonders-测试中」 is ready!
2025-07-13 22:09:41,308	[ERROR]	(http.py:76)_handle_response	[botpy] 接口请求异常，请求连接: https://sandbox.api.sgroup.qq.com/v2/groups/CCD3EF8DB08A3AC7895C64A6BEDF51BC/files, 错误代码: 400, 返回内容: {'message': '富媒体文件下载失败', 'code': 850026, 'err_code': 40034001, 'trace_id': '9a23973c5a9d6dadd733a6e7648ea8a7'}, trace_id:9a23973c5a9d6dadd733a6e7648ea8a7
2025-07-13 22:39:35,328	[INFO]	(gateway.py:56)on_closed	[botpy] 关闭, 返回码: 4009, 返回信息: Session timed out
2025-07-13 22:39:35,329	[INFO]	(gateway.py:134)ws_connect	[botpy] ws关闭, 停止接收消息!
2025-07-13 22:39:40,338	[INFO]	(connection.py:60)multi_run	[botpy] 最大并发连接数: 1, 启动会话数: 1
2025-07-13 22:39:40,339	[INFO]	(client.py:242)bot_connect	[botpy] 会话启动中...
2025-07-13 22:39:40,339	[INFO]	(gateway.py:115)ws_connect	[botpy] 启动中...
2025-07-13 22:39:40,554	[INFO]	(gateway.py:175)ws_resume	[botpy] 重连启动...
2025-07-13 22:39:40,628	[INFO]	(gateway.py:90)on_message	[botpy] 机器人重连成功! 
2025-07-13 22:39:40,628	[INFO]	(gateway.py:223)_send_heart	[botpy] 心跳维持启动...
2025-07-13 22:44:59,868	[INFO]	(gateway.py:56)on_closed	[botpy] 关闭, 返回码: WSCloseCode.OK, 返回信息: None
2025-07-13 22:44:59,869	[INFO]	(gateway.py:134)ws_connect	[botpy] ws关闭, 停止接收消息!
2025-07-13 22:45:04,882	[INFO]	(connection.py:60)multi_run	[botpy] 最大并发连接数: 1, 启动会话数: 1
2025-07-13 22:45:04,882	[INFO]	(client.py:242)bot_connect	[botpy] 会话启动中...
2025-07-13 22:45:04,882	[INFO]	(gateway.py:115)ws_connect	[botpy] 启动中...
2025-07-13 22:45:05,033	[INFO]	(gateway.py:175)ws_resume	[botpy] 重连启动...
2025-07-13 22:45:05,137	[INFO]	(gateway.py:90)on_message	[botpy] 机器人重连成功! 
2025-07-13 22:45:05,137	[INFO]	(gateway.py:223)_send_heart	[botpy] 心跳维持启动...
2025-07-13 23:15:04,989	[INFO]	(gateway.py:56)on_closed	[botpy] 关闭, 返回码: 4009, 返回信息: Session timed out
2025-07-13 23:15:04,989	[INFO]	(gateway.py:134)ws_connect	[botpy] ws关闭, 停止接收消息!
2025-07-13 23:15:09,995	[INFO]	(connection.py:60)multi_run	[botpy] 最大并发连接数: 1, 启动会话数: 1
2025-07-13 23:15:09,995	[INFO]	(client.py:242)bot_connect	[botpy] 会话启动中...
2025-07-13 23:15:09,996	[INFO]	(gateway.py:115)ws_connect	[botpy] 启动中...
2025-07-13 23:15:10,158	[INFO]	(gateway.py:175)ws_resume	[botpy] 重连启动...
2025-07-13 23:15:10,252	[INFO]	(gateway.py:90)on_message	[botpy] 机器人重连成功! 
2025-07-13 23:15:10,252	[INFO]	(gateway.py:223)_send_heart	[botpy] 心跳维持启动...
2025-07-13 23:45:10,112	[INFO]	(gateway.py:56)on_closed	[botpy] 关闭, 返回码: 4009, 返回信息: Session timed out
2025-07-13 23:45:10,113	[INFO]	(gateway.py:134)ws_connect	[botpy] ws关闭, 停止接收消息!
2025-07-13 23:45:15,114	[INFO]	(connection.py:60)multi_run	[botpy] 最大并发连接数: 1, 启动会话数: 1
2025-07-13 23:45:15,114	[INFO]	(client.py:242)bot_connect	[botpy] 会话启动中...
2025-07-13 23:45:15,116	[INFO]	(gateway.py:115)ws_connect	[botpy] 启动中...
2025-07-13 23:45:15,335	[INFO]	(gateway.py:175)ws_resume	[botpy] 重连启动...
2025-07-13 23:45:15,432	[INFO]	(gateway.py:90)on_message	[botpy] 机器人重连成功! 
2025-07-13 23:45:15,433	[INFO]	(gateway.py:223)_send_heart	[botpy] 心跳维持启动...
2025-07-14 00:15:15,290	[INFO]	(gateway.py:56)on_closed	[botpy] 关闭, 返回码: 4009, 返回信息: Session timed out
2025-07-14 00:15:15,290	[INFO]	(gateway.py:134)ws_connect	[botpy] ws关闭, 停止接收消息!
2025-07-14 00:15:20,293	[INFO]	(connection.py:60)multi_run	[botpy] 最大并发连接数: 1, 启动会话数: 1
2025-07-14 00:15:20,293	[INFO]	(client.py:242)bot_connect	[botpy] 会话启动中...
2025-07-14 00:15:20,293	[INFO]	(gateway.py:115)ws_connect	[botpy] 启动中...
2025-07-14 00:15:21,631	[INFO]	(gateway.py:175)ws_resume	[botpy] 重连启动...
2025-07-14 00:15:21,935	[INFO]	(robot.py:65)update_access_token	[botpy] access_token expires_in 7200
2025-07-14 00:15:22,023	[INFO]	(gateway.py:90)on_message	[botpy] 机器人重连成功! 
2025-07-14 00:15:22,023	[INFO]	(gateway.py:223)_send_heart	[botpy] 心跳维持启动...
2025-07-14 00:45:21,586	[INFO]	(gateway.py:56)on_closed	[botpy] 关闭, 返回码: 4009, 返回信息: Session timed out
2025-07-14 00:45:21,587	[INFO]	(gateway.py:134)ws_connect	[botpy] ws关闭, 停止接收消息!
2025-07-14 00:45:26,588	[INFO]	(connection.py:60)multi_run	[botpy] 最大并发连接数: 1, 启动会话数: 1
2025-07-14 00:45:26,588	[INFO]	(client.py:242)bot_connect	[botpy] 会话启动中...
2025-07-14 00:45:26,588	[INFO]	(gateway.py:115)ws_connect	[botpy] 启动中...
2025-07-14 00:45:26,782	[INFO]	(gateway.py:175)ws_resume	[botpy] 重连启动...
2025-07-14 00:45:26,873	[INFO]	(gateway.py:90)on_message	[botpy] 机器人重连成功! 
2025-07-14 00:45:26,873	[INFO]	(gateway.py:223)_send_heart	[botpy] 心跳维持启动...
2025-07-14 00:58:46,281	[INFO]	(gateway.py:56)on_closed	[botpy] 关闭, 返回码: WSCloseCode.OK, 返回信息: None
2025-07-14 00:58:46,282	[INFO]	(gateway.py:134)ws_connect	[botpy] ws关闭, 停止接收消息!
2025-07-14 00:58:51,295	[INFO]	(connection.py:60)multi_run	[botpy] 最大并发连接数: 1, 启动会话数: 1
2025-07-14 00:58:51,296	[INFO]	(client.py:242)bot_connect	[botpy] 会话启动中...
2025-07-14 00:58:51,296	[INFO]	(gateway.py:115)ws_connect	[botpy] 启动中...
2025-07-14 00:58:51,528	[INFO]	(gateway.py:175)ws_resume	[botpy] 重连启动...
2025-07-14 00:58:51,625	[INFO]	(gateway.py:90)on_message	[botpy] 机器人重连成功! 
2025-07-14 00:58:51,625	[INFO]	(gateway.py:223)_send_heart	[botpy] 心跳维持启动...
2025-07-14 01:28:51,475	[INFO]	(gateway.py:56)on_closed	[botpy] 关闭, 返回码: 4009, 返回信息: Session timed out
2025-07-14 01:28:51,475	[INFO]	(gateway.py:134)ws_connect	[botpy] ws关闭, 停止接收消息!
2025-07-14 01:28:56,491	[INFO]	(connection.py:60)multi_run	[botpy] 最大并发连接数: 1, 启动会话数: 1
2025-07-14 01:28:56,492	[INFO]	(client.py:242)bot_connect	[botpy] 会话启动中...
2025-07-14 01:28:56,492	[INFO]	(gateway.py:115)ws_connect	[botpy] 启动中...
2025-07-14 01:28:57,483	[INFO]	(gateway.py:175)ws_resume	[botpy] 重连启动...
2025-07-14 01:28:57,574	[INFO]	(gateway.py:90)on_message	[botpy] 机器人重连成功! 
2025-07-14 01:28:57,575	[INFO]	(gateway.py:223)_send_heart	[botpy] 心跳维持启动...
2025-07-14 01:58:57,440	[INFO]	(gateway.py:56)on_closed	[botpy] 关闭, 返回码: 4009, 返回信息: Session timed out
2025-07-14 01:58:57,441	[INFO]	(gateway.py:134)ws_connect	[botpy] ws关闭, 停止接收消息!
2025-07-14 01:59:02,448	[INFO]	(connection.py:60)multi_run	[botpy] 最大并发连接数: 1, 启动会话数: 1
2025-07-14 01:59:02,448	[INFO]	(client.py:242)bot_connect	[botpy] 会话启动中...
2025-07-14 01:59:02,448	[INFO]	(gateway.py:115)ws_connect	[botpy] 启动中...
2025-07-14 01:59:02,678	[INFO]	(gateway.py:175)ws_resume	[botpy] 重连启动...
2025-07-14 01:59:02,759	[INFO]	(gateway.py:90)on_message	[botpy] 机器人重连成功! 
2025-07-14 01:59:02,759	[INFO]	(gateway.py:223)_send_heart	[botpy] 心跳维持启动...
2025-07-14 02:00:21,925	[INFO]	(gateway.py:56)on_closed	[botpy] 关闭, 返回码: WSCloseCode.OK, 返回信息: None
2025-07-14 02:00:21,926	[INFO]	(gateway.py:134)ws_connect	[botpy] ws关闭, 停止接收消息!
2025-07-14 02:00:26,937	[INFO]	(connection.py:60)multi_run	[botpy] 最大并发连接数: 1, 启动会话数: 1
2025-07-14 02:00:26,937	[INFO]	(client.py:242)bot_connect	[botpy] 会话启动中...
2025-07-14 02:00:26,938	[INFO]	(gateway.py:115)ws_connect	[botpy] 启动中...
2025-07-14 02:00:27,121	[INFO]	(gateway.py:175)ws_resume	[botpy] 重连启动...
2025-07-14 02:00:27,228	[INFO]	(gateway.py:90)on_message	[botpy] 机器人重连成功! 
2025-07-14 02:00:27,228	[INFO]	(gateway.py:223)_send_heart	[botpy] 心跳维持启动...
2025-07-14 02:30:27,130	[INFO]	(gateway.py:56)on_closed	[botpy] 关闭, 返回码: 4009, 返回信息: Session timed out
2025-07-14 02:30:27,130	[INFO]	(gateway.py:134)ws_connect	[botpy] ws关闭, 停止接收消息!
2025-07-14 02:30:32,141	[INFO]	(connection.py:60)multi_run	[botpy] 最大并发连接数: 1, 启动会话数: 1
2025-07-14 02:30:32,142	[INFO]	(client.py:242)bot_connect	[botpy] 会话启动中...
2025-07-14 02:30:32,142	[INFO]	(gateway.py:115)ws_connect	[botpy] 启动中...
2025-07-14 02:30:32,372	[INFO]	(gateway.py:175)ws_resume	[botpy] 重连启动...
2025-07-14 02:30:33,406	[INFO]	(robot.py:65)update_access_token	[botpy] access_token expires_in 6432
2025-07-14 02:30:33,496	[INFO]	(gateway.py:90)on_message	[botpy] 机器人重连成功! 
2025-07-14 02:30:33,498	[INFO]	(gateway.py:223)_send_heart	[botpy] 心跳维持启动...
2025-07-14 03:00:32,328	[INFO]	(gateway.py:56)on_closed	[botpy] 关闭, 返回码: 4009, 返回信息: Session timed out
2025-07-14 03:00:32,329	[INFO]	(gateway.py:134)ws_connect	[botpy] ws关闭, 停止接收消息!
2025-07-14 03:00:37,339	[INFO]	(connection.py:60)multi_run	[botpy] 最大并发连接数: 1, 启动会话数: 1
2025-07-14 03:00:37,340	[INFO]	(client.py:242)bot_connect	[botpy] 会话启动中...
2025-07-14 03:00:37,340	[INFO]	(gateway.py:115)ws_connect	[botpy] 启动中...
2025-07-14 03:00:37,479	[INFO]	(gateway.py:175)ws_resume	[botpy] 重连启动...
2025-07-14 03:00:37,564	[INFO]	(gateway.py:90)on_message	[botpy] 机器人重连成功! 
2025-07-14 03:00:37,572	[INFO]	(gateway.py:223)_send_heart	[botpy] 心跳维持启动...
2025-07-14 03:30:37,433	[INFO]	(gateway.py:56)on_closed	[botpy] 关闭, 返回码: 4009, 返回信息: Session timed out
2025-07-14 03:30:37,436	[INFO]	(gateway.py:134)ws_connect	[botpy] ws关闭, 停止接收消息!
2025-07-14 03:30:42,443	[INFO]	(connection.py:60)multi_run	[botpy] 最大并发连接数: 1, 启动会话数: 1
2025-07-14 03:30:42,444	[INFO]	(client.py:242)bot_connect	[botpy] 会话启动中...
2025-07-14 03:30:42,444	[INFO]	(gateway.py:115)ws_connect	[botpy] 启动中...
2025-07-14 03:30:43,435	[INFO]	(gateway.py:175)ws_resume	[botpy] 重连启动...
2025-07-14 03:30:43,514	[INFO]	(gateway.py:90)on_message	[botpy] 机器人重连成功! 
2025-07-14 03:30:43,515	[INFO]	(gateway.py:223)_send_heart	[botpy] 心跳维持启动...
2025-07-14 04:00:43,387	[INFO]	(gateway.py:56)on_closed	[botpy] 关闭, 返回码: 4009, 返回信息: Session timed out
2025-07-14 04:00:43,388	[INFO]	(gateway.py:134)ws_connect	[botpy] ws关闭, 停止接收消息!
2025-07-14 04:00:48,409	[INFO]	(connection.py:60)multi_run	[botpy] 最大并发连接数: 1, 启动会话数: 1
2025-07-14 04:00:48,409	[INFO]	(client.py:242)bot_connect	[botpy] 会话启动中...
2025-07-14 04:00:48,410	[INFO]	(gateway.py:115)ws_connect	[botpy] 启动中...
2025-07-14 04:00:48,593	[INFO]	(gateway.py:175)ws_resume	[botpy] 重连启动...
2025-07-14 04:00:48,674	[INFO]	(gateway.py:90)on_message	[botpy] 机器人重连成功! 
2025-07-14 04:00:48,674	[INFO]	(gateway.py:223)_send_heart	[botpy] 心跳维持启动...
2025-07-14 04:30:48,546	[INFO]	(gateway.py:56)on_closed	[botpy] 关闭, 返回码: 4009, 返回信息: Session timed out
2025-07-14 04:30:48,547	[INFO]	(gateway.py:134)ws_connect	[botpy] ws关闭, 停止接收消息!
2025-07-14 04:30:53,553	[INFO]	(connection.py:60)multi_run	[botpy] 最大并发连接数: 1, 启动会话数: 1
2025-07-14 04:30:53,554	[INFO]	(client.py:242)bot_connect	[botpy] 会话启动中...
2025-07-14 04:30:53,554	[INFO]	(gateway.py:115)ws_connect	[botpy] 启动中...
2025-07-14 04:30:53,709	[INFO]	(gateway.py:175)ws_resume	[botpy] 重连启动...
2025-07-14 04:30:53,894	[INFO]	(robot.py:65)update_access_token	[botpy] access_token expires_in 7200
2025-07-14 04:30:53,984	[INFO]	(gateway.py:90)on_message	[botpy] 机器人重连成功! 
2025-07-14 04:30:53,984	[INFO]	(gateway.py:223)_send_heart	[botpy] 心跳维持启动...
2025-07-14 05:00:13,706	[INFO]	(gateway.py:56)on_closed	[botpy] 关闭, 返回码: WSCloseCode.OK, 返回信息: None
2025-07-14 05:00:13,707	[INFO]	(gateway.py:134)ws_connect	[botpy] ws关闭, 停止接收消息!
2025-07-14 05:00:18,714	[INFO]	(connection.py:60)multi_run	[botpy] 最大并发连接数: 1, 启动会话数: 1
2025-07-14 05:00:18,714	[INFO]	(client.py:242)bot_connect	[botpy] 会话启动中...
2025-07-14 05:00:18,714	[INFO]	(gateway.py:115)ws_connect	[botpy] 启动中...
2025-07-14 05:00:18,898	[INFO]	(gateway.py:175)ws_resume	[botpy] 重连启动...
2025-07-14 05:00:18,989	[INFO]	(gateway.py:90)on_message	[botpy] 机器人重连成功! 
2025-07-14 05:00:18,989	[INFO]	(gateway.py:223)_send_heart	[botpy] 心跳维持启动...
2025-07-14 05:10:38,343	[INFO]	(gateway.py:56)on_closed	[botpy] 关闭, 返回码: WSCloseCode.OK, 返回信息: None
2025-07-14 05:10:38,343	[INFO]	(gateway.py:134)ws_connect	[botpy] ws关闭, 停止接收消息!
2025-07-14 05:10:43,350	[INFO]	(connection.py:60)multi_run	[botpy] 最大并发连接数: 1, 启动会话数: 1
2025-07-14 05:10:43,350	[INFO]	(client.py:242)bot_connect	[botpy] 会话启动中...
2025-07-14 05:10:43,350	[INFO]	(gateway.py:115)ws_connect	[botpy] 启动中...
2025-07-14 05:10:43,496	[INFO]	(gateway.py:175)ws_resume	[botpy] 重连启动...
2025-07-14 05:10:43,594	[INFO]	(gateway.py:90)on_message	[botpy] 机器人重连成功! 
2025-07-14 05:10:43,594	[INFO]	(gateway.py:223)_send_heart	[botpy] 心跳维持启动...
2025-07-14 05:34:33,010	[INFO]	(gateway.py:56)on_closed	[botpy] 关闭, 返回码: WSCloseCode.OK, 返回信息: None
2025-07-14 05:34:33,011	[INFO]	(gateway.py:134)ws_connect	[botpy] ws关闭, 停止接收消息!
2025-07-14 05:34:38,020	[INFO]	(connection.py:60)multi_run	[botpy] 最大并发连接数: 1, 启动会话数: 1
2025-07-14 05:34:38,021	[INFO]	(client.py:242)bot_connect	[botpy] 会话启动中...
2025-07-14 05:34:38,021	[INFO]	(gateway.py:115)ws_connect	[botpy] 启动中...
2025-07-14 05:34:38,306	[INFO]	(gateway.py:175)ws_resume	[botpy] 重连启动...
2025-07-14 05:34:38,394	[INFO]	(gateway.py:90)on_message	[botpy] 机器人重连成功! 
2025-07-14 05:34:38,394	[INFO]	(gateway.py:223)_send_heart	[botpy] 心跳维持启动...
2025-07-14 06:02:28,041	[INFO]	(gateway.py:56)on_closed	[botpy] 关闭, 返回码: WSCloseCode.OK, 返回信息: None
2025-07-14 06:02:28,042	[INFO]	(gateway.py:134)ws_connect	[botpy] ws关闭, 停止接收消息!
2025-07-14 06:02:33,053	[INFO]	(connection.py:60)multi_run	[botpy] 最大并发连接数: 1, 启动会话数: 1
2025-07-14 06:02:33,053	[INFO]	(client.py:242)bot_connect	[botpy] 会话启动中...
2025-07-14 06:02:33,054	[INFO]	(gateway.py:115)ws_connect	[botpy] 启动中...
2025-07-14 06:02:33,197	[INFO]	(gateway.py:175)ws_resume	[botpy] 重连启动...
2025-07-14 06:02:33,288	[INFO]	(gateway.py:90)on_message	[botpy] 机器人重连成功! 
2025-07-14 06:02:33,288	[INFO]	(gateway.py:223)_send_heart	[botpy] 心跳维持启动...
2025-07-14 06:32:33,151	[INFO]	(gateway.py:56)on_closed	[botpy] 关闭, 返回码: 4009, 返回信息: Session timed out
2025-07-14 06:32:33,152	[INFO]	(gateway.py:134)ws_connect	[botpy] ws关闭, 停止接收消息!
2025-07-14 06:32:38,158	[INFO]	(connection.py:60)multi_run	[botpy] 最大并发连接数: 1, 启动会话数: 1
2025-07-14 06:32:38,159	[INFO]	(client.py:242)bot_connect	[botpy] 会话启动中...
2025-07-14 06:32:38,160	[INFO]	(gateway.py:115)ws_connect	[botpy] 启动中...
2025-07-14 06:32:38,292	[INFO]	(gateway.py:175)ws_resume	[botpy] 重连启动...
2025-07-14 06:32:38,762	[INFO]	(robot.py:65)update_access_token	[botpy] access_token expires_in 7200
2025-07-14 06:32:38,845	[INFO]	(gateway.py:90)on_message	[botpy] 机器人重连成功! 
2025-07-14 06:32:38,845	[INFO]	(gateway.py:223)_send_heart	[botpy] 心跳维持启动...
2025-07-14 06:33:28,017	[INFO]	(gateway.py:56)on_closed	[botpy] 关闭, 返回码: WSCloseCode.OK, 返回信息: None
2025-07-14 06:33:28,018	[INFO]	(gateway.py:134)ws_connect	[botpy] ws关闭, 停止接收消息!
2025-07-14 06:33:33,023	[INFO]	(connection.py:60)multi_run	[botpy] 最大并发连接数: 1, 启动会话数: 1
2025-07-14 06:33:33,024	[INFO]	(client.py:242)bot_connect	[botpy] 会话启动中...
2025-07-14 06:33:33,024	[INFO]	(gateway.py:115)ws_connect	[botpy] 启动中...
2025-07-14 06:33:33,137	[INFO]	(gateway.py:175)ws_resume	[botpy] 重连启动...
2025-07-14 06:33:33,215	[INFO]	(gateway.py:90)on_message	[botpy] 机器人重连成功! 
2025-07-14 06:33:33,221	[INFO]	(gateway.py:223)_send_heart	[botpy] 心跳维持启动...
